25 31 56 48 44 29 7 38 24 6 52 2 1 78 35 95 36 60 33 26 54 41 62 74 51 55 57 45 49 59 98 5 50 32 40 39 8 96 75 37 30 28 76 23 9 47 3 58 34 46 42 10 61 27 4 43 0 53 11 12 77 73 13 66 72 71 14 65
25 24
25 37
25 26
25 27
31 39
31 27
31 38
56 40
48 36
48 72
48 71
44 34
29 26
29 34
29 35
7 3
38 53
38 52
24 11
6 2
6 13
6 14
2 0
2 5
1 0
1 3
1 4
78 51
35 46
35 47
95 60
36 49
36 30
60 42
60 96
33 42
33 28
33 43
26 28
54 39
41 58
41 59
41 32
62 43
74 49
51 37
51 77
55 39
57 40
45 34
45 66
45 65
49 73
98 61
5 11
5 12
50 75
50 76
50 37
32 40
32 28
8 3
37 30
23 11
9 4
42 61
10 4