0 1 15 25 26 27 28 29 2 13 4 31 32 24 37 39 5 40 6 9 19 44 45 47 52 53 54 10 20 55 11 16 58 59 60 64 65 66 14 67 68 22 70 72 74 17 76 78 18 79 82 84 85 86 87 89 90 92 97 48 63 36 94
0 27
0 25
0 26
1 28
1 29
15 70
15 72
26 55
27 74
28 32
29 68
29 85
2 31
2 32
13 64
13 66
13 65
4 37
4 39
24 97
37 54
39 44
5 40
40 66
6 44
6 45
9 52
9 54
9 53
19 84
19 82
47 78
52 48
52 94
53 86
53 58
10 55
20 85
20 86
20 87
55 58
55 63
11 60
11 59
11 58
16 74
59 65
59 36
64 89
14 68
14 67
67 82
22 92
70 76
72 89
17 76
17 78
18 79
79 85
84 90
85 97
90 92