97 41 25 20 88 13 5 51 33 36 7 42 93 54 77 32 75 90 76 62 24 80 53 98 57 22 28 46 29 11 60 18 63 58 8 91 87 40 83 68 59 71 92 82 48 16 79 17 3 70 1 72 14 31 2 9 38 6 50 21 95 74 27 26 65 67 69 39 30 84 85 47 12 19 61 15 86 45 64 34 44 52 4 96 94 81 73 78 89 49 35 56 55 37 10 66 23 43
97 98
97 96
41 40
41 42
25 26
25 24
20 19
20 21
88 89
88 87
13 14
13 12
5 4
5 6
51 50
51 52
33 32
33 34
36 37
36 35
7 8
7 6
42 43
93 92
93 94
54 55
54 53
77 78
77 76
32 31
75 74
75 76
90 91
90 89
62 61
62 63
24 23
80 81
80 79
53 52
57 56
57 58
22 23
22 21
28 29
28 27
46 47
46 45
29 30
11 10
11 12
60 61
60 59
18 17
18 19
63 64
58 59
8 9
91 92
87 86
40 39
83 82
83 84
68 69
68 67
71 72
71 70
82 81
48 47
48 49
16 15
16 17
79 78
3 4
3 2
70 69
1 2
72 73
14 15
31 30
9 10
38 39
38 37
50 49
95 94
95 96
74 73
27 26
65 64
65 66
67 66
84 85
85 86
45 44
34 35
44 43
56 55