14 15 49 76 31 64 51 22 4 42 69 8 50 39 19 83 27 28 67 78 25 55 60 13 93 68 70 5 20 2 98 6 21 24 43 90 95 17 85 0 87 32 75 48 33 23 26 7 35 16 11 57 36 10 40 73 63 3 58 74
14 67
14 69
14 68
15 70
49 8
49 27
49 35
76 17
76 90
31 2
31 67
31 40
64 13
64 68
64 70
51 8
51 85
51 28
22 93
4 39
42 5
42 32
42 60
42 36
69 98
8 50
39 93
19 83
83 70
27 32
27 0
27 93
67 95
67 48
78 60
78 17
25 43
25 0
55 90
60 11
20 85
20 87
2 32
2 33
98 24
6 43
21 90
95 23
0 26
32 75
75 16
48 7
33 57
33 73
33 63
35 3
16 74
11 58
57 10