50 52 85 21 49 14 75 39 63 32 48 78 26 27 42 12 80 18 29 73 33 8 1 56 77 24 46 74 22 57 45 66 43 10 40 62 99 23 4 69 95 44 89 71 30 13 83 96 25 55 35 19 58 94 82 98 3 92 76 37 31 5 97 36
50 56
52 14
52 43
52 44
52 71
52 83
85 10
85 18
85 66
21 24
49 45
49 56
49 5
14 24
14 63
14 66
75 24
75 57
75 74
39 80
39 23
63 22
32 33
32 99
48 43
48 27
48 36
78 66
78 30
78 19
26 42
42 8
42 99
12 24
12 13
80 10
80 69
18 40
18 62
18 25
29 62
73 95
33 74
33 92
8 1
77 24
46 22
74 35
22 37
57 4
57 89
57 55
57 94
57 76
57 97
45 44
45 98
66 96
43 82
10 95
40 58
89 31
13 3