0 1 7 3 2 9 14 13 20 8 16 32 17 10 15 12 18 51 24 21 22 43 25 23 27 28 29 54 61 57 30 58 80 35 34 40 38 36 48 41 42 45 52 47 49 82 53 56 63 59 74 60 64 69 72 65 66 67 71 90 97 76 84 77 93 78 87 81 62 68 46 11 88 85 37 86
0 1
0 7
1 3
7 8
3 14
2 9
9 17
14 24
13 10
13 51
20 23
20 27
8 32
16 43
16 37
32 35
17 21
17 43
10 15
15 12
15 21
12 11
18 51
18 25
24 23
21 29
21 28
22 28
25 54
28 57
54 63
61 60
57 56
57 58
30 58
30 80
58 59
80 52
80 78
35 38
35 34
34 40
40 41
40 42
40 36
38 48
48 47
41 45
42 46
45 52
47 49
47 82
82 81
53 56
56 62
63 65
59 60
74 71
60 72
60 69
60 64
64 66
64 88
69 90
69 68
72 76
65 67
67 71
90 97
76 77
84 81
77 93
77 86
78 87
87 85