0 10 66 68 69 71 72 74 75 76 77 79 80 81 90 91 1 40 62 3 13 56 5 24 6 39 53 7 33 9 60 58 11 46 49 47 20 15 35 16 18 21 54 38 26 57 28 29 61 64 30 31 43 50 41 42 44 63 55 83 67 88 92 98
0 10
0 90
0 72
0 81
0 74
0 69
0 76
0 71
0 77
0 91
0 68
0 79
0 83
0 67
0 88
0 92
0 98
10 3
66 3
75 13
77 16
80 20
1 40
40 56
62 31
62 49
3 13
13 47
13 20
13 63
56 18
56 26
5 24
24 49
6 39
6 53
39 16
53 28
7 33
33 20
33 43
33 50
9 60
9 58
60 31
58 61
11 46
11 49
46 44
47 30
20 54
20 55
15 35
35 28
21 38
54 26
38 29
26 57
57 41
29 61
29 64
64 50
50 42