80 66 91 21 54 3 74 89 58 60 13 52 29 37 47 34 4 28 25 93 5 39 30 23 90 6 82 17 16 71 56 18 77 97 73 95 7 61 64 86 49 62 87 55 15 36 12 43 35 42 38 94 69 46 57 11 72 14 85 68 24 26 10 83 40 48 98 22 88 63 53 65 50 19 41 79 27 44 96 33 51 1 75 9 32 31 81 70 84 2 67 45 20 92 78 59 76 8
80 79
80 81
66 65
66 67
91 90
91 92
21 20
21 22
54 53
54 55
3 2
3 4
74 73
74 75
89 88
89 90
58 57
58 59
60 59
60 61
13 12
13 14
52 51
52 53
29 28
29 30
37 36
37 38
47 46
47 48
34 33
34 35
4 5
28 27
25 24
25 26
93 92
93 94
5 6
39 38
39 40
30 31
23 22
23 24
6 7
82 81
82 83
17 16
17 18
16 15
71 70
71 72
56 55
56 57
18 19
77 76
77 78
97 96
97 98
73 72
95 94
95 96
7 8
61 62
64 63
64 65
86 85
86 87
49 48
49 50
62 63
87 88
15 14
36 35
12 11
43 42
43 44
42 41
69 68
69 70
46 45
11 10
85 84
68 67
26 27
10 9
83 84
40 41
50 51
19 20
79 78
44 45
33 32
1 2
75 76
9 8
32 31