21 96 74 67 85 2 19 15 25 36 3 54 97 83 65 14 7 92 75 71 31 18 53 6 22 99 24 94 55 77 80 26 5 20 43 13 63 34 28 73 33 72 76 39 95 17 84 23 12 98 11 41 37 32 91 66 8 29 40 27 51 42 93 38 35 16 1 4 10 9 64 81 68 82 56 50 49 89
21 22
21 20
96 40
74 35
67 17
85 37
2 1
2 3
19 20
19 18
15 14
15 16
15 32
15 31
15 33
15 34
25 26
25 24
36 77
36 76
36 80
36 14
3 4
54 33
97 40
83 37
65 13
14 37
14 35
14 13
14 38
7 6
7 8
92 39
75 35
71 35
31 43
18 17
53 33
6 5
22 23
99 40
24 23
94 39
55 33
26 27
5 4
13 64
13 66
13 63
13 12
28 27
28 29
73 35
33 56
72 35
39 16
39 91
39 93
39 95
17 16
17 68
84 37
12 11
98 40
11 10
41 16
37 81
37 82
37 89
32 51
32 50
32 49
8 9
40 16
42 16
10 9