61 28 2 40 85 59 67 98 89 72 29 18 80 66 97 77 71 11 30 37 70 69 34 95 21 8 51 32 25 86 0 27 53 43 35 22 93 12 81 55 20 36 82 99 42 94 64 68 9 78 84 76 65 75 90 96 73 63 62 79 83 91 74 87 88
61 0
28 2
2 0
40 36
40 95
85 0
85 30
59 36
67 0
98 0
98 43
89 0
72 0
29 12
29 34
18 22
80 0
66 8
66 0
97 0
97 42
77 21
77 0
71 0
11 34
30 35
37 8
70 12
70 0
69 0
95 0
51 25
51 32
32 53
25 55
25 20
86 0
0 55
0 81
0 93
0 82
0 99
0 94
0 64
0 68
0 78
0 84
0 76
0 65
0 75
0 90
0 96
0 73
0 63
0 62
0 79
0 83
0 91
0 74
0 87
0 88
27 35
53 22
55 9