86 37 39 2 68 66 12 84 41 28 83 94 11 95 49 70 32 71 21 29 20 46 48 34 15 82 18 62 52 44 8 79 40 90 47 16 60 54 91 67 7 38 31 19 73 65 85 93 99 55 97 30 14 23 64 69 89 59 22 27 96
86 21
86 84
37 39
37 40
39 90
39 15
2 47
2 66
68 71
66 20
12 48
12 44
12 70
12 22
84 60
84 32
84 27
41 82
41 7
28 16
28 82
28 54
83 97
83 46
94 14
94 46
11 60
11 48
11 31
11 59
95 85
49 91
70 91
70 96
32 15
71 21
29 44
48 69
34 18
34 99
34 38
15 67
82 44
82 38
82 64
18 19
18 8
62 73
52 19
8 30
79 93
79 7
40 65
90 14
90 85
47 73
54 73
31 55
65 23
69 89