14 5 8 25 4 2 3 31 32 33 12 34 35 36 23 37 38 39 17 40 19 45 7 11 20 47 48 16 51 21 53 59 61 62 63 64 68 69 24 73 74 76 78 82 83 84 86 88 90 94 96 97 98 99 58 72 29 44 60
14 68
14 69
5 40
8 51
25 76
25 45
4 39
4 38
4 37
2 33
2 32
2 31
3 36
3 34
3 35
32 64
33 47
12 62
12 63
12 61
34 59
35 82
35 44
36 38
36 69
23 94
23 96
39 47
17 76
17 78
40 97
19 82
19 83
19 84
7 47
7 48
11 59
11 58
11 60
20 86
48 53
16 74
16 73
51 90
21 90
21 88
62 74
63 68
68 29
24 98
24 97
24 99
73 94
78 83
83 99
86 90
88 97
99 72