41 68 17 39 42 13 91 92 99 20 96 15 35 79 0 65 37 95 8 36 3 73 18 58 43 47 61 2 11 98 84 70 19 85 75 34 72 38 63 93 46 97 16 78 59 77 4 67 6 30 86 87 74 90 89 94 83 45 82 80 76 28 88 54 40 81
41 36
68 13
68 42
68 61
68 0
68 63
17 47
17 6
39 19
39 13
42 40
13 45
91 0
92 0
99 0
20 47
96 0
15 16
15 63
35 0
35 54
79 0
0 77
0 98
0 97
0 86
0 75
0 93
0 73
0 78
0 95
0 85
0 84
0 87
0 74
0 90
0 89
0 94
0 83
0 82
0 80
0 76
0 88
0 81
65 47
37 38
95 38
8 67
8 3
36 43
36 38
3 11
18 84
18 70
58 72
58 59
2 70
70 30
75 6
34 4
46 30
46 4
59 6
67 6
90 28