0 1 3 2 4 5 6 8 7 9 10 14 11 12 13 15 16 17 18 19 20 21 24 25 26 27 28 29 30 31 32 33 34 35 37 38 39 40 41 68 44 50 43 55 46 45 49 48 53 56 57 60 58 59 61 70 62 64 79 66 75 69 77 23
0 1
1 37
1 3
1 2
3 4
4 5
4 29
5 6
6 8
6 7
6 39
8 9
7 27
9 28
10 14
14 15
14 11
11 12
12 13
15 16
15 24
16 39
17 18
18 19
18 26
18 23
19 20
20 21
24 25
25 40
26 29
27 31
28 38
30 31
31 32
32 34
33 37
33 35
40 41
40 68
41 64
41 44
68 77
68 75
44 55
44 46
50 43
43 55
46 48
45 49
45 66
49 53
53 56
56 57
57 60
60 58
60 75
58 59
59 79
59 61
61 70
70 62
62 69