36 69 88 78 40 93 82 68 85 98 97 27 31 90 5 10 18 51 41 45 38 75 1 22 66 84 92 74 20 34 8 12 13 29 2 56 39 16 9 48 43 71 96 17 26 11 80 23 33 7 42 14 54 6 21 24 59 0 28 4 15 3 19 37 32 25 30 35
36 34
36 39
69 71
69 68
88 90
88 85
78 80
78 75
40 42
40 43
93 92
93 96
82 80
82 84
68 66
85 84
98 1
98 2
98 0
97 1
97 96
27 26
27 29
27 28
31 29
31 33
31 30
90 92
5 2
5 7
5 4
10 12
10 9
18 16
18 20
18 19
51 48
51 54
41 38
41 42
45 43
45 48
38 39
38 37
75 74
1 3
22 20
22 23
22 21
22 24
22 25
74 71
34 33
8 9
8 7
8 6
12 13
13 11
13 15
56 54
56 59
16 17
17 14
26 23
11 14
33 32
33 35