72 70 43 66 77 82 10 93 23 55 29 76 64 19 3 2 20 80 88 47 0 94 63 7 31 92 86 83 56 89 1 57 12 18 26 4 25 16 53 69 96 95 73 99 90 85 79 67 71 97 65 84 62 87 61 78 75 91 81 98 74 17 68
72 0
70 0
43 31
43 2
66 7
66 0
77 0
82 0
10 25
10 20
93 0
23 18
23 3
55 26
29 16
76 0
64 0
19 56
19 57
3 25
3 1
3 26
80 0
88 0
47 1
47 56
0 86
0 26
0 92
0 94
0 63
0 89
0 83
0 69
0 96
0 95
0 73
0 99
0 90
0 85
0 79
0 67
0 71
0 97
0 65
0 84
0 62
0 87
0 61
0 78
0 75
0 91
0 81
0 98
0 74
0 68
63 4
7 12
31 83
12 16
26 53
73 17