36 60 15 34 67 26 50 23 80 98 57 64 10 35 40 6 52 24 27 46 47 29 9 14 18 66 97 37 78 0 1 51 16 30 83 82 74 12 95 2 88 39 33 70 13 19 77 84 20 90 96 25 94 17 48 56 58 44 5 45 7 28 49 4 22 38 21 59 32 11 3 8
36 27
60 50
60 70
15 16
15 25
15 5
34 33
34 24
34 44
67 77
67 57
26 27
26 25
50 40
50 51
23 24
23 22
80 90
80 70
98 88
98 97
57 47
57 56
57 58
64 74
10 0
10 20
35 25
35 45
40 30
6 16
52 51
24 25
24 14
27 18
27 37
27 17
46 47
47 37
47 48
29 19
29 39
29 28
9 19
14 13
14 4
18 19
18 8
66 77
97 96
78 77
0 1
1 2
30 20
83 82
83 84
74 84
12 2
12 13
95 94
95 96
88 77
13 3
84 94
17 7
48 49
48 38
49 59
22 21
22 32
22 11