80 44 49 18 1 13 30 74 83 67 87 10 45 93 68 96 32 97 35 7 91 85 25 0 51 88 46 42 70 39 75 82 31 9 86 77 43 94 14 12 81 90 29 65 17 28 89 16 66 50 71 78 73 99 95 37 98 72 62 79 6 76 69 84 53 92
80 0
44 32
44 17
49 32
18 39
18 1
1 65
13 0
13 12
30 7
30 43
30 17
74 0
74 16
83 25
83 0
67 0
87 0
87 29
10 39
45 31
93 0
68 0
96 0
32 90
97 0
35 0
35 53
91 0
85 0
0 42
0 94
0 46
0 81
0 90
0 88
0 70
0 77
0 75
0 82
0 65
0 86
0 89
0 66
0 71
0 78
0 73
0 99
0 95
0 98
0 72
0 79
0 76
0 69
0 84
0 92
51 29
51 14
42 50
42 62
70 9
31 29
86 28
94 37
50 6