68 30 6 57 90 29 53 99 9 82 18 32 22 55 15 0 61 88 98 40 75 12 45 48 46 31 59 56 81 49 28 17 7 27 67 63 77 62 2 39 11 96 4 69 97 91 84 83 74 95 92 87 93 66 89 76 71 80 72 78 86 79 70 21 73 94 20 85
68 0
68 7
30 0
30 32
6 31
57 61
57 39
57 2
90 0
29 4
53 31
99 0
9 55
9 63
82 0
18 17
18 45
18 63
22 46
55 62
15 11
0 4
0 40
0 75
0 77
0 98
0 97
0 67
0 88
0 69
0 96
0 81
0 91
0 84
0 83
0 74
0 95
0 92
0 87
0 93
0 66
0 89
0 76
0 71
0 80
0 72
0 78
0 86
0 79
0 70
0 73
0 94
0 85
61 31
75 20
12 49
45 49
48 56
48 4
48 63
46 97
59 11
81 27
49 39
28 11
28 2
76 21