1 2 3 4 18 6 7 8 10 12 11 17 14 16 19 20 21 22 55 23 30 29 25 28 24 26 27 32 31 54 33 34 35 36 37 38 40 39 48 42 45 46 47 50 52 51 56 57 58 59 61 60 74 62 73 76 65 66 75
1 2
2 3
3 18
3 4
4 6
18 17
6 8
6 7
7 11
8 12
8 10
10 14
11 16
16 19
19 20
20 21
21 22
22 23
22 30
55 57
23 25
30 29
30 31
29 32
25 24
25 28
28 26
27 32
32 33
31 54
54 56
33 34
33 35
33 36
36 37
37 38
38 40
40 39
39 42
48 50
48 47
42 45
45 47
46 50
50 52
52 51
56 57
56 65
57 58
58 61
58 59
59 75
61 60
60 74
60 73
62 73
62 76
65 66