0 1 2 3 10 12 13 4 11 5 6 7 8 9 19 14 15 28 18 20 21 44 45 22 23 24 29 30 36 31 32 33 34 35 38 39 50 43 42 46 47 48 51 56 49 57 52 64 61 60 71 58 59 70 63 65 66 69 86 68 73 76 75 82 87 79 80 81 83 84 88 26 27 25 17
0 3
0 1
1 12
2 10
2 13
3 10
3 11
3 4
12 17
13 14
11 18
11 20
11 21
5 6
6 9
6 8
7 8
8 14
8 28
9 19
19 45
19 44
14 15
28 30
20 22
22 23
23 24
23 26
23 27
24 25
29 30
30 35
30 34
30 33
36 35
31 38
32 34
35 39
35 50
38 39
50 49
43 46
42 46
46 47
47 48
47 56
47 51
48 57
51 52
56 60
56 71
49 57
57 58
64 63
64 65
61 63
61 60
71 70
58 59
70 73
65 66
66 69
69 68
86 68
86 87
76 87
76 75
75 82
82 83
82 81
87 88
79 80
80 81
83 84