74 6 81 38 16 48 41 87 95 15 84 25 2 20 76 77 86 59 26 64 45 58 90 5 88 0 24 66 43 91 61 13 28 21 10 3 98 85 92 54 97 96 30 42 9 63 75 67 27 89 94 71 65 70 69 68 82 72 99 79 80 93 73 78 44 83
74 0
6 54
81 0
38 64
38 16
48 45
48 43
41 97
87 28
87 0
95 0
15 2
15 64
84 0
25 59
25 20
25 63
2 66
20 5
76 0
77 0
86 0
86 27
59 30
59 54
26 45
26 61
58 43
90 0
88 0
0 61
0 66
0 63
0 97
0 85
0 98
0 91
0 92
0 96
0 75
0 67
0 89
0 94
0 71
0 65
0 70
0 69
0 68
0 82
0 72
0 99
0 79
0 80
0 93
0 73
0 78
0 83
24 13
61 3
13 75
21 30
21 9
10 63
98 42
99 44