0 5 23 25 26 27 8 2 3 13 31 32 33 34 35 37 40 42 12 47 49 50 51 53 10 18 55 57 59 61 62 64 65 66 69 24 70 17 76 78 79 80 83 84 94 95 97 98 99 56 54 89 45 60 46 63 93 85 72 38
0 27
0 25
0 26
5 42
5 40
23 94
23 95
25 65
25 47
26 83
8 49
8 51
8 50
2 32
2 31
2 33
3 34
3 35
13 66
13 64
13 65
31 45
32 57
33 51
34 70
35 97
37 59
37 78
40 55
42 80
42 85
12 61
12 62
12 63
49 64
49 54
50 60
51 46
53 66
10 55
10 57
10 56
18 80
18 79
55 61
59 79
66 84
69 76
24 97
24 99
24 98
70 94
17 76
17 78
83 98
84 72
56 93
54 89
54 38