0 11 29 72 64 20 77 88 86 8 59 68 96 79 82 91 89 16 12 90 69 95 76 62 67 47 39 52 48 15 24 30 37 92 65 93 21 36 44 35 5 51 97 49 56 81 13 66 94 84 74 54 57 46 98 58 99 70 83 75 78 80 1 63 71 73 61 2 85 3 53 87 60
0 5
0 95
11 12
11 8
29 24
72 74
72 70
72 71
72 73
64 59
64 62
64 69
20 21
20 15
77 76
77 78
88 89
88 91
88 85
88 87
86 89
8 5
59 56
59 54
68 67
68 65
96 97
96 95
96 93
96 99
79 76
79 74
79 84
82 81
82 83
91 92
91 90
91 94
89 84
16 15
16 13
12 13
69 66
69 74
76 75
62 63
62 61
62 60
67 66
47 46
47 48
39 36
39 44
52 51
52 53
48 51
24 21
30 35
37 36
37 35
92 93
44 49
51 54
97 98
49 46
56 57
81 84
81 80
57 58
98 1
1 2
2 3