1 83 14 31 70 93 0 47 62 88 41 46 68 98 19 64 8 51 57 38 63 69 6 3 78 17 87 28 45 95 91 27 60 30 65 7 61 55 67 74 21 56 89 99 77 71 79 97 90 96 42 85 76 86 84 75 92 80 73 82 81 72 94 36 12
1 45
83 0
14 21
14 56
31 7
70 0
93 0
0 57
0 55
0 61
0 87
0 88
0 98
0 74
0 91
0 89
0 78
0 95
0 99
0 77
0 71
0 79
0 97
0 90
0 96
0 85
0 76
0 86
0 84
0 75
0 92
0 80
0 73
0 82
0 81
0 72
0 94
47 3
47 63
47 64
62 56
62 65
41 28
46 19
46 7
46 45
68 45
68 6
98 38
19 27
19 69
19 28
64 17
8 55
51 69
57 21
38 67
17 30
91 30
60 65
7 74
61 36
55 42
21 12