0 13 25 26 27 1 19 28 29 30 2 32 33 34 4 21 37 38 39 40 16 8 49 50 17 12 61 62 63 18 64 65 66 14 15 67 68 70 71 72 74 76 78 79 80 81 82 84 22 88 89 90 93 24 97 98 96 94 42 43 41 95 56 46
0 27
0 25
0 26
13 66
13 64
13 65
25 56
26 28
27 70
27 42
1 28
1 30
1 29
19 84
19 82
29 80
30 43
2 33
2 32
33 97
34 62
4 38
4 37
4 39
21 88
21 90
21 89
37 98
38 88
39 82
40 84
16 74
8 49
8 50
50 61
17 76
17 78
12 61
12 63
12 62
63 93
18 80
18 81
18 79
65 81
66 90
14 68
14 67
15 72
15 70
15 71
67 71
68 74
71 78
76 93
79 96
81 94
81 41
22 93
90 46
24 97
24 98
94 95