15 20 25 26 2 31 32 33 22 10 36 5 12 18 41 42 6 7 43 44 45 14 19 46 47 48 8 23 49 50 51 9 52 53 54 56 11 59 60 61 62 63 13 16 64 66 68 69 72 73 74 75 17 76 77 78 80 81 82 83 85 86 87 91 93 96 38 27 4
15 72
20 86
20 87
20 85
25 78
25 42
26 61
26 72
2 31
2 33
2 32
31 44
32 76
22 93
22 91
10 56
36 60
5 42
5 41
12 62
12 63
12 61
18 80
18 81
41 66
6 43
6 45
6 44
7 48
7 46
7 47
43 46
43 86
14 69
14 68
19 83
19 82
46 75
48 62
48 91
8 50
8 51
8 49
23 96
49 74
50 53
50 38
9 52
9 54
9 53
54 77
56 81
56 93
11 60
11 59
59 64
13 66
13 64
16 75
16 74
16 73
69 76
73 96
17 78
17 77
83 86
91 27
38 4