0 1 2 3 4 7 8 9 10 11 12 13 15 17 18 20 21 23 24 26 27 28 30 31 32 33 34 35 36 41 42 47 48 50 52 53 55 64 67 68 69 70 73 75 76 79 82 93 95 80 63 81 72 49 89 90 71 56 77 58
0 34
0 33
0 24
0 30
1 35
1 21
1 15
1 18
1 28
1 36
2 9
3 10
4 41
4 42
4 20
7 47
7 17
7 48
8 50
8 15
8 49
9 52
10 53
11 55
11 21
11 56
12 32
12 27
12 58
13 23
15 64
15 63
17 67
17 31
17 26
17 68
18 70
18 69
18 23
20 73
21 75
21 27
21 76
23 79
23 80
24 82
24 81
28 89
28 90
30 93
31 95
33 35
50 52
53 55
69 71
70 72
73 75
79 77
93 95