86 56 51 7 65 90 46 18 84 17 68 34 22 6 10 71 59 50 80 48 83 82 95 47 14 73 76 45 69 44 19 8 3 32 60 40 5 58 93 96 2 57 11 41 91 67 85 77 38 70 98 23 20 15 64 24 78 99 52 55 9
86 65
86 71
56 10
56 50
51 8
51 73
7 47
7 46
7 48
65 68
90 41
46 84
18 80
84 19
84 32
17 76
17 77
68 14
34 3
34 82
34 44
22 93
22 91
6 44
6 45
10 57
59 11
59 64
50 8
80 77
80 95
48 69
48 60
48 70
83 19
83 95
82 19
47 96
47 78
47 52
14 69
14 67
73 67
32 2
60 11
60 85
60 98
40 5
40 58
5 41
58 11
58 93
58 38
96 23
85 20
70 15
98 24
24 99
52 55
52 9