12 51 37 27 34 86 8 36 92 24 75 0 52 25 57 40 77 88 71 38 91 90 84 45 2 67 4 79 47 42 7 76 17 73 31 22 43 46 85 82 74 65 87 83 54 70 80 89 35 41 69 93 59 68 78 63 15 81 66 44 64 39 32 33 21 50
12 25
12 24
51 73
51 25
37 66
27 54
34 65
86 91
86 76
86 77
8 17
8 4
36 66
92 89
92 88
92 0
75 54
75 85
0 93
52 74
57 76
40 68
77 59
88 81
88 80
71 46
71 47
71 83
38 67
91 87
91 93
90 85
90 84
90 93
84 73
45 70
45 22
2 4
67 81
67 39
79 63
79 87
42 69
42 21
7 15
17 35
73 50
31 63
31 15
43 69
85 74
82 69
82 68
82 89
65 80
65 35
87 78
83 89
83 70
70 44
80 64
41 68
81 66
64 32
64 33