36 18 2 86 58 96 98 73 29 15 34 75 62 95 45 67 54 9 23 37 83 68 81 3 82 33 79 87 43 46 47 10 13 69 55 44 94 49 88 30 26 84 50 40 76 89 24 90 91 0 1 38 70 72 35 31 12 57 93 65 74 27 14 97 60 25 92 52 7 51 39 32 53 64 48 22 59 63 19 17 77 41 85 5 80 42 61 56 71 66 78
36 37
36 35
18 17
18 19
2 1
2 5
2 3
86 87
86 85
58 57
96 97
96 95
98 97
73 72
73 74
29 30
29 27
15 14
34 35
34 33
75 76
75 77
75 74
62 63
62 60
62 64
95 94
45 44
45 46
67 68
67 63
54 53
9 10
9 0
23 22
23 24
37 38
83 82
83 84
68 69
81 80
81 82
33 32
79 80
79 77
87 88
43 44
43 42
46 47
47 48
10 12
13 12
13 17
69 70
69 72
55 57
55 52
94 93
49 48
49 50
88 89
30 31
26 25
84 85
50 51
50 59
40 39
40 41
76 78
89 90
24 25
90 91
91 92
0 1
38 39
70 71
31 32
12 14
93 92
65 64
65 66
27 25
60 59
60 61
52 51
52 53
7 5
51 56
22 19
41 42