0 2 3 5 6 7 8 9 10 11 12 13 14 16 17 18 19 21 22 23 25 26 27 28 29 30 31 32 33 34 43 44 58 60 62 65 67 70 78 80 83 84 85 86 87 90 92 53 69 76 75 77 61 89 97 54 82 74 81 98
0 34
0 3
0 33
2 7
3 23
5 43
5 22
5 44
6 8
7 29
8 9
9 19
10 18
10 53
10 54
11 21
12 58
13 60
13 16
13 31
14 62
14 21
14 61
16 65
17 27
17 67
18 70
18 22
18 26
18 69
19 23
21 25
21 76
21 75
22 78
22 77
23 80
25 83
25 28
25 84
25 26
25 32
26 86
26 85
27 87
28 90
28 89
29 92
30 32
32 97
32 98
58 60
65 67
78 80
83 81
84 82
85 87
90 92
76 74