1 2 3 4 6 7 9 10 11 12 13 14 15 16 18 20 21 23 24 25 27 29 30 32 36 41 42 45 47 51 54 56 62 64 66 70 74 76 77 79 81 82 88 91 92 94 97 98 93 69 65 35 52 80 87 78 34 59 60 48 33 68 96 85 86
1 36
1 32
1 23
1 35
2 12
2 14
3 13
3 9
4 41
4 42
4 18
6 45
6 21
7 47
7 27
7 29
7 48
9 51
9 52
10 20
10 54
11 56
12 18
13 25
13 24
13 59
13 60
14 62
15 64
16 32
16 66
16 65
18 70
18 25
18 69
20 74
21 76
23 79
23 30
23 27
23 80
24 81
24 32
24 82
27 88
27 87
29 91
29 92
30 94
30 93
32 98
32 97
36 34
45 47
54 56
62 64
66 68
74 76
77 79
88 86
94 96
35 33
80 78
87 85