51 21 59 4 54 28 8 68 32 37 86 5 57 17 79 49 26 66 60 58 61 29 47 9 73 80 43 14 40 25 50 36 35 56 10 22 70 88 33 11 81 53 82 15 65 62 12 18 34 23 76 1 78 27 74 2 63 67 55 7 48 46 44 83 20 84 13 41 38 3 0 85 77 52 16 72 87 75 6 45 19 30 42 24 39 71 31 64 69 89 90 91 92 93 94 95 96 97
51 50
51 52
21 20
21 22
59 58
59 60
4 3
4 5
54 53
54 55
28 27
28 29
8 7
8 9
68 67
68 69
32 31
32 33
37 36
37 38
86 85
86 87
5 6
57 56
57 58
17 16
17 18
79 78
79 80
49 48
49 50
26 25
26 27
66 65
66 67
60 61
61 62
29 30
47 46
47 48
9 10
73 72
73 74
80 81
43 42
43 44
14 13
14 15
40 39
40 41
25 24
36 35
35 34
56 55
10 11
22 23
70 69
70 71
88 87
88 89
33 34
11 12
81 82
53 52
82 83
15 16
65 64
62 63
12 13
18 19
23 24
76 75
76 77
1 0
1 2
78 77
74 75
2 3
63 64
7 6
46 45
44 45
83 84
20 19
84 85
41 42
38 39
72 71
30 31
89 90
90 91
91 92
92 93
93 94
94 95
95 96
96 97