51 63 18 6 4 77 47 86 98 81 49 92 88 68 46 56 87 23 35 2 90 96 17 19 62 95 32 37 97 14 30 84 13 69 0 31 10 26 7 24 41 64 58 80 82 52 45 67 50 54 11 70 60 39 9 53 43 79 5 16 40 12 44 61 83 38 91 22 8 33 36 20 29 34 21 3 25 57 27 42 28 55 48 15 1 75
51 54
51 29
63 56
63 60
18 12
6 0
6 7
6 12
4 9
4 11
4 3
77 81
47 46
47 40
47 48
86 90
86 98
86 82
98 62
81 82
49 54
92 97
92 91
88 80
68 64
68 69
46 39
46 45
56 53
56 50
87 91
87 84
87 55
23 22
35 29
35 28
2 8
2 7
96 95
96 91
17 22
17 16
19 12
62 61
95 44
32 26
32 38
37 36
37 43
37 44
14 20
14 9
30 24
30 36
84 83
13 12
13 26
69 70
31 24
31 26
10 5
10 11
26 33
7 1
24 25
41 34
41 52
64 67
64 61
58 54
58 57
58 75
80 79
80 83
50 29
11 16
60 61
39 38
9 8
22 29
22 21
33 27
36 42
29 34
21 15