98 73 84 82 97 68 58 87 30 19 55 23 86 95 24 42 33 20 31 66 99 4 88 11 90 1 94 85 62 2 89 28 65 5 52 80 92 25 13 96 46 21 22 39 83 12 61 10 67 69 49 75 8 45 63 54 76 91 14 93
98 80
98 87
98 24
73 25
84 19
84 96
84 88
82 19
82 68
97 24
58 11
58 30
87 20
30 1
19 83
55 94
55 10
23 94
23 95
23 96
86 96
86 20
86 76
95 75
24 99
42 5
42 99
33 65
33 2
20 85
31 2
31 89
66 13
4 13
88 21
90 21
90 52
1 28
94 69
85 39
62 92
62 96
62 46
62 12
62 49
89 21
28 46
65 13
52 25
92 22
92 54
96 67
22 91
22 93
83 45
12 61
12 63
67 14
49 8