3 4 13 54 49 90 23 83 63 41 88 20 17 6 48 92 71 16 57 7 34 24 58 74 29 85 89 15 47 39 69 12 82 8 67 65 93 51 84 36 22 72 28 10 61 32 60 70 27 86 1 5 44 81 2 38 97 96 52 46 75 30 98 53 18 64 73 68 35
3 20
3 2
3 22
4 1
4 2
13 2
54 63
49 48
49 28
90 23
23 30
23 89
23 24
23 51
83 58
63 39
63 84
63 65
41 47
41 84
88 85
88 89
20 82
17 67
17 44
6 18
6 67
48 46
92 34
92 71
92 10
92 70
92 64
71 72
16 1
16 18
16 53
57 58
57 67
7 1
7 32
7 96
34 27
34 68
24 86
74 28
74 75
74 36
29 32
29 30
15 39
47 81
39 1
39 38
69 93
12 5
8 10
8 35
93 70
36 72
10 32
61 44
61 60
32 52
60 98
1 5
5 73
97 98