52 25 59 41 27 42 6 46 7 43 73 71 65 81 89 2 91 77 34 85 57 44 93 76 13 20 90 47 38 24 94 36 50 48 45 70 61 15 86 67 18 88 19 10 4 33 64 79 22 32 49 55 58 12 87 51 56 3 40 35 99 53 54 39
52 55
52 50
52 61
52 53
25 15
25 24
59 58
59 55
59 65
41 44
41 35
41 40
27 15
42 43
42 36
6 10
6 7
46 47
46 48
46 45
43 38
73 77
73 67
71 77
71 70
65 64
65 67
81 76
89 88
89 85
89 99
2 3
91 90
91 86
77 88
77 79
34 33
34 36
34 39
85 87
57 58
44 45
44 54
93 90
93 94
76 70
13 4
13 12
13 10
20 19
24 22
50 49
45 51
86 87
18 12
18 19
18 32
19 33
19 22
4 3
33 35
49 51
55 56