1 50 23 76 39 74 27 48 25 63 81 56 69 43 38 7 58 5 94 96 93 79 97 41 32 75 24 15 55 16 11 14 46 53 86 22 26 90 6 57 91 66 77 88 73 83 10 13 19 4 42 71 30 95 34 3 28 49 87 2 89 60 47 21 68 31 18 80 29 52 54 84 78 51 98 35 62 92 17 40 45 36 85 61 33 70 64 82 12 44 72 9 8 59 20 65 37 67
1 2
50 49
50 51
23 24
23 22
76 77
76 75
39 40
39 38
74 75
74 73
27 26
27 28
48 49
48 47
25 24
25 26
63 62
63 64
81 82
81 80
56 57
56 55
69 68
69 70
43 42
43 44
38 37
7 8
7 6
58 59
58 57
5 6
5 4
94 93
94 95
96 95
96 97
93 92
79 78
79 80
97 98
41 42
41 40
32 33
32 31
15 16
15 14
55 54
16 17
11 10
11 12
14 13
46 45
46 47
53 54
53 52
86 85
86 87
22 21
90 89
90 91
91 92
66 67
66 65
77 78
88 87
88 89
73 72
83 84
83 82
10 9
13 12
19 20
19 18
4 3
71 70
71 72
30 29
30 31
34 33
34 35
3 2
28 29
60 59
60 61
21 20
68 67
18 17
52 51
84 85
35 36
62 61
45 44
36 37
64 65
9 8