0 2 3 4 5 7 8 9 10 11 13 14 15 17 18 19 20 22 23 24 25 26 27 28 29 31 32 33 34 47 48 49 51 54 56 60 70 72 77 78 79 86 88 92 95 96 59 74 68 89 73 67 84 83 85 62 98 97 43 63
0 33
0 34
0 23
2 14
3 9
4 31
4 5
5 29
5 43
7 48
7 47
7 27
8 49
9 51
9 31
10 54
10 28
11 56
11 19
13 60
13 27
13 59
14 32
14 62
15 25
15 63
17 20
17 68
17 67
18 70
19 72
20 25
20 74
20 73
22 32
22 25
22 78
22 77
23 32
24 25
25 29
25 84
25 83
26 86
26 32
26 85
27 88
28 29
28 89
29 92
31 96
31 95
32 98
32 97
49 51
54 56
70 72
77 79
86 88