34 51 13 49 24 35 74 12 83 84 20 7 2 52 39 25 10 78 69 87 23 93 86 79 36 77 16 5 75 27 26 80 94 15 4 38 11 17 32 71 85 61 91 1 92 8 62 22 57 60 29 67 6 64 88 19 73 54 9 31 81 30 63 28 3 21 42 56
34 35
51 92
13 91
49 1
24 25
24 71
24 26
24 17
35 20
35 36
74 6
74 71
12 2
12 11
12 8
83 84
83 36
20 19
7 38
7 8
2 69
2 4
2 94
2 3
52 11
52 67
52 22
39 11
25 87
10 31
10 11
78 16
23 94
23 32
93 86
93 6
86 19
79 64
36 64
77 75
16 17
5 1
5 9
75 85
27 22
26 91
80 1
94 92
94 30
15 85
15 92
4 1
32 81
32 63
61 60
61 19
91 29
1 62
1 29
22 73
22 56
57 31
64 88
54 9
9 28
3 21
21 42