74 22 44 8 60 65 88 68 76 1 61 92 21 90 10 7 33 56 62 51 15 34 98 94 73 32 17 75 96 82 3 59 20 99 66 36 38 78 71 4 69 16 45 2 63 50 28 70 93 84 13 87 67 49 85 26 12 40 58 47 52 83 29 42 72 18 14 37 53 24 97 23 64 46 27 86 30 41 25 91 43 77 54 35 5 57 19 48 11 79 39 55 9 31 95 6 89
74 75
74 73
22 23
22 21
44 43
44 45
8 7
8 9
60 59
60 61
65 66
65 64
88 89
88 87
68 69
68 67
76 75
76 77
1 2
61 62
92 91
92 93
21 20
90 91
90 89
10 11
10 9
7 6
33 34
33 32
56 55
56 57
62 63
51 52
51 50
15 14
15 16
34 35
98 97
98 99
94 93
94 95
73 72
32 31
17 18
17 16
96 95
96 97
82 83
3 2
3 4
59 58
20 19
99 50
66 67
36 37
36 35
38 37
38 39
78 77
78 79
71 72
71 70
4 5
69 70
45 46
63 64
50 49
28 29
28 27
84 83
84 85
13 12
13 14
87 86
49 48
85 86
26 27
26 25
12 11
40 41
40 39
58 57
47 46
47 48
52 53
29 30
42 41
42 43
18 19
53 54
24 25
24 23
30 31
54 55
5 6