31 94 88 71 86 43 91 72 60 51 53 10 4 11 81 17 26 30 14 68 79 64 8 95 42 57 1 0 15 2 38 50 13 22 89 18 92 23 52 78 70 56 90 21 27 80 65 9 96 36 39 49 5 54 6 44 61 12 63 32 85 62 33 37
31 2
31 71
94 23
94 70
88 21
88 43
88 86
88 42
71 15
71 38
71 50
71 61
43 6
91 22
91 38
72 15
72 81
60 11
60 65
51 8
51 78
53 9
53 70
53 64
53 36
10 56
10 57
4 38
4 39
4 37
81 18
17 78
26 0
26 56
30 1
30 92
14 68
68 42
79 18
79 27
64 13
8 50
8 49
95 23
42 5
0 27
15 70
2 32
2 33
13 65
22 92
89 21
89 80
18 80
23 96
52 9
90 21
9 54
6 44
61 12
61 85
12 63
12 62