0 1 2 6 7 8 9 10 11 12 13 14 15 18 20 21 22 23 26 27 30 31 32 33 34 35 36 40 41 42 43 45 48 49 50 51 52 53 54 55 56 57 60 61 62 63 64 67 68 69 70 71 72 73 76 77 79 80 81 82 83 84 85 86 88 89 90 91 92 93 94 95 98 99 39
0 1
0 8
1 2
1 31
6 64
6 7
7 8
8 9
10 92
10 11
11 12
12 13
13 14
14 15
18 23
20 21
20 60
21 22
22 23
26 27
26 71
30 31
31 32
32 33
32 84
33 34
34 35
35 36
40 41
40 39
41 82
41 42
42 51
42 43
45 90
48 49
49 50
50 90
50 51
51 52
52 53
53 54
54 55
55 56
56 57
60 61
61 72
61 62
62 63
63 64
67 68
67 77
68 69
69 70
70 71
71 72
72 73
72 99
76 77
79 80
80 81
81 82
82 83
83 84
84 85
85 86
88 89
89 90
90 91
91 92
92 93
93 94
94 95
98 99