56 19 15 49 63 81 65 8 10 40 13 92 54 41 80 42 25 51 97 77 91 90 39 62 11 73 99 74 64 85 31 12 93 84 24 55 4 30 72 14 18 75 9 43 52 48 57 94 98 7 89 71 61 66 32 23 58 70 44 38 50 37 53 59 67 68 60 69 29 47 26 27 28 36
56 55
56 57
56 73
19 18
19 10
15 14
15 24
49 48
49 18
63 62
63 54
63 64
81 80
81 98
65 64
65 99
65 66
8 7
8 9
10 9
10 11
40 74
40 39
40 41
13 12
13 4
13 14
92 91
92 93
54 53
41 42
80 75
80 89
42 43
25 30
25 26
51 52
51 57
97 98
77 84
91 90
90 89
39 30
39 38
62 61
11 12
73 72
73 74
99 98
64 55
85 84
85 94
31 30
31 48
31 32
93 94
24 23
55 50
72 71
43 44
48 47
57 58
71 70
66 67
58 59
70 69
38 37
38 29
37 36
59 60
67 68
29 28
26 27