23 63 42 88 70 50 74 5 80 69 49 95 55 0 22 24 72 35 13 3 94 86 45 12 97 40 81 17 59 18 89 68 41 51 65 83 77 90 43 28 10 67 21 46 53 57 98 84 92 26 6 8 38 71 87 62 37 44 76 7 20 91 54 58 48 34 75 60 39 52 73 27 78 25 93 47 33 79 82 4 56 19 96 1 61 9 64 66 36 85 14 16 29 30 11 2 32 15 31
23 22
23 24
63 62
63 64
42 41
42 43
88 87
88 89
70 69
70 71
50 49
50 51
74 73
74 75
5 4
5 6
80 79
80 81
69 68
49 1
49 3
49 48
49 2
95 94
95 96
55 54
55 56
0 1
22 21
24 25
72 71
72 73
35 34
35 36
13 10
13 12
13 14
13 15
3 4
94 93
86 85
86 87
45 44
45 46
12 17
97 96
97 98
40 39
40 41
81 82
17 18
17 16
59 58
59 60
18 19
89 90
68 67
51 52
65 64
65 66
83 82
83 84
77 76
77 78
90 91
43 44
28 27
28 29
10 9
10 11
67 66
21 20
46 47
53 52
53 54
57 56
57 58
84 85
92 91
92 93
26 25
26 27
6 7
8 7
8 9
38 37
38 39
62 61
37 36
76 75
20 19
48 47
34 33
60 61
78 79
33 32
29 30
30 31