98 60 37 73 33 45 48 93 23 12 15 77 81 17 43 72 53 16 36 42 39 80 82 67 28 89 4 90 91 1 84 14 30 97 92 7 86 70 74 8 83 52 26 0 2 35 50 64 95 6 62 44 11 51 10 40 34 99 27 21 46 66 3 68 38 79 87 58 61 88 65
98 0
60 80
37 30
37 3
73 91
73 38
33 23
33 50
45 4
45 82
48 7
93 39
93 99
23 12
12 43
15 90
15 39
77 89
81 89
81 79
81 35
17 46
17 52
72 27
72 50
53 3
53 0
16 90
36 2
36 83
42 26
80 14
80 40
67 38
67 28
67 8
28 70
89 10
4 8
4 65
91 40
1 40
84 6
14 74
14 86
30 21
97 87
97 34
92 3
92 58
7 34
86 99
70 52
74 66
8 10
26 62
0 44
2 68
2 61
64 62
64 6
64 79
95 44
44 68
11 68
11 87
11 88
51 10
51 87
27 21