14 21 7 1 22 29 30 2 31 32 33 3 34 36 6 5 38 13 24 40 42 12 43 44 45 46 47 48 8 16 49 50 51 9 15 23 52 53 57 11 58 59 60 61 62 64 65 66 67 68 69 70 73 75 17 76 77 78 88 93 95 98 28 10 83 80
14 67
14 69
14 68
21 88
7 48
7 47
7 46
1 29
1 30
1 28
22 93
29 93
29 73
30 47
2 31
2 32
2 33
31 78
31 50
33 69
3 34
3 36
34 61
36 95
6 44
6 45
6 43
5 42
5 40
38 52
38 98
13 64
13 65
13 66
24 98
40 47
12 62
12 61
43 65
44 59
46 78
47 57
8 51
8 49
8 50
16 75
16 73
9 53
9 52
15 70
23 95
53 75
57 10
11 58
11 60
11 59
58 95
65 67
65 83
70 77
17 77
17 78
17 76
77 88
77 80