6 1 2 29 30 14 32 3 19 9 34 35 4 12 37 38 39 5 40 42 18 10 43 44 45 11 48 8 49 51 52 53 54 55 56 57 22 24 58 59 62 63 13 64 66 21 67 70 74 17 76 77 78 79 82 83 84 88 89 91 92 93 95 97 98 99 75 96 94 33
6 44
6 45
6 43
1 30
1 29
2 32
2 33
29 59
30 74
14 67
32 57
3 35
3 34
19 82
19 83
19 84
9 54
9 52
9 53
34 64
35 54
4 37
4 38
4 39
12 63
12 62
38 77
38 97
5 42
5 40
40 44
42 88
18 79
10 56
10 57
45 84
45 95
11 58
11 59
48 79
48 74
8 49
8 51
49 70
51 92
53 62
55 91
56 93
56 96
57 99
57 94
22 91
22 92
22 93
24 97
24 99
63 67
13 66
13 64
64 77
21 88
21 89
17 77
17 76
17 78
77 98
79 89
82 92
99 75