0 7 4 44 74 79 81 84 87 89 91 98 99 1 3 63 50 30 38 6 20 9 15 10 62 61 70 13 67 40 14 53 73 64 17 32 54 65 22 72 24 55 57 25 27 28 56 51 29 36 92 88 58 90 78 75 85 37 60 42 47
0 44
0 74
0 4
0 89
0 98
0 7
0 87
0 84
0 79
0 81
0 91
0 99
0 92
0 88
0 90
0 78
0 75
0 85
7 42
4 30
4 58
4 37
44 15
44 53
1 3
3 63
3 50
50 40
50 53
30 27
38 62
38 22
6 20
20 70
9 15
15 64
15 60
10 62
10 61
61 25
61 29
70 17
13 40
13 67
40 36
14 73
14 53
64 57
64 47
17 32
32 36
32 29
54 27
65 25
65 51
22 72
24 57
24 55
28 56
28 51