0 25 26 30 2 6 31 3 22 23 11 34 35 36 5 19 40 42 16 44 45 47 8 18 49 51 9 12 52 54 58 59 60 61 62 13 17 64 65 66 68 70 73 75 77 24 79 80 81 82 83 88 92 93 94 95 96 97 67 38 28 86
0 26
0 25
26 45
26 62
30 51
30 88
30 70
2 31
6 45
6 44
31 40
31 49
3 34
3 36
3 35
22 92
22 93
23 95
23 96
23 94
11 58
11 59
11 60
36 81
5 42
5 40
19 82
19 83
42 73
16 73
16 75
44 47
8 51
8 49
18 79
18 81
18 80
9 52
9 54
12 61
12 62
52 96
54 92
58 97
59 82
59 66
59 75
61 93
13 64
13 66
13 65
17 77
68 70
75 86
77 94
24 97
80 95
81 83
93 67
95 38
95 28