0 2 3 4 5 7 8 9 10 11 12 13 14 17 18 20 21 22 25 27 28 30 32 38 40 42 44 51 54 55 56 58 60 61 62 68 74 76 83 88 84 93 94 67 48 34 47 95 33 87 90 89 82 46 86 50 70 77 78 69 45
0 30
0 34
0 33
2 38
2 32
3 40
3 20
4 42
4 25
5 44
5 14
7 11
7 30
7 48
7 47
8 25
8 50
9 22
9 51
9 30
9 18
10 54
10 21
11 55
11 56
11 25
11 27
12 28
12 17
12 58
13 60
14 62
14 61
17 68
17 67
18 70
18 69
20 74
21 76
22 28
22 77
22 78
25 83
25 84
27 88
27 87
28 90
28 89
30 93
30 94
38 40
42 44
54 56
58 60
74 76
88 86
84 82
93 95
48 46
47 45