64 21 48 65 92 20 4 7 87 96 39 61 49 72 2 6 15 24 68 80 8 16 90 79 10 94 51 11 18 23 42 1 19 5 52 99 62 14 0 53 59 31 93 95 63 91 3 71 13 97 58 9 29 69 17 32 89 78 28 88 38 98 12 22 81 41 70 34 57 35 47 86 85 67 84 77 37 25
64 63
64 65
21 11
21 31
48 38
48 58
48 57
92 91
92 93
20 10
4 3
4 5
7 8
7 6
87 88
87 86
96 97
96 95
39 29
39 49
61 71
61 51
49 59
72 62
2 1
2 3
6 5
15 16
15 14
15 24
24 23
24 34
24 25
68 78
68 58
80 90
80 70
8 9
16 17
90 91
79 89
79 69
10 0
94 93
94 95
51 41
11 12
18 17
18 28
23 22
42 32
42 52
1 0
19 9
19 29
52 62
52 53
99 98
99 89
14 13
53 63
59 69
59 58
31 41
71 81
13 12
97 98
58 47
32 22
78 88
28 38
34 35
57 67
47 37
86 85
85 84
67 77