12 73 75 98 14 77 15 10 55 57 2 0 44 53 21 1 22 46 95 7 26 9 25 88 74 93 5 8 17 63 91 61 23 6 78 50 62 48 70 97 16 43 68 29 42 28 52 32 71 85 31 54 36 82 72 3 79 18 81 47
12 62
12 61
12 63
73 16
73 36
75 70
75 52
75 61
75 16
98 77
14 68
77 17
15 70
15 71
15 72
10 55
10 57
57 71
2 32
2 31
0 26
0 25
44 6
44 95
53 9
53 85
21 88
1 29
1 28
22 91
22 93
46 88
46 7
46 61
95 23
7 48
7 47
26 28
9 52
9 54
25 42
74 16
74 50
74 91
93 43
5 42
8 50
17 78
63 97
6 43
78 48
50 28
62 79
97 68
52 32
54 82
36 3
79 18
18 81