0 1 3 4 5 6 7 8 9 12 13 14 15 17 16 18 19 20 23 24 25 26 27 28 33 35 36 38 39 40 41 43 44 45 46 47 52 54 53 55 56 57 60 61 63 64 65 66 67 68 72 78 77 80 84 85 88 92 97 86 32 58 99 22 90
0 3
0 1
1 63
3 4
4 9
5 16
6 24
6 7
6 8
6 9
6 22
8 38
12 16
13 14
14 17
14 77
14 15
15 88
15 32
17 18
17 36
16 18
16 47
16 61
18 19
19 20
20 43
23 25
23 46
23 26
24 85
24 27
25 64
26 45
27 28
33 41
33 78
33 40
33 58
33 99
33 90
35 61
36 55
39 54
40 44
43 52
44 54
44 57
46 60
46 65
47 53
52 56
60 63
63 67
64 68
65 72
66 78
66 80
66 84
78 97
77 84
77 86
84 85
84 92