71 65 34 62 79 50 1 8 55 81 49 56 99 97 28 18 48 39 10 64 96 80 9 29 24 52 89 63 21 3 57 35 47 12 88 13 85 51 7 15 86 46 20 70 60 11 90 93 72 69 43 14 59 22 73 16 44 92 98 6 61 68 91
71 81
71 47
71 15
65 13
65 34
34 3
34 28
62 57
62 12
79 18
79 69
50 8
50 81
50 60
50 73
1 28
1 29
8 49
8 51
55 10
81 18
81 99
81 85
81 93
49 89
49 61
56 10
56 80
99 24
97 24
18 80
48 7
39 63
10 57
64 13
64 52
96 51
9 52
89 21
63 12
21 88
3 35
35 51
47 7
85 86
85 20
7 46
15 70
15 72
86 59
60 11
60 90
93 43
93 22
93 98
69 14
14 68
22 92
22 91
73 16
73 44
44 6