73 96 58 85 2 89 55 99 56 28 4 98 1 27 90 88 3 92 59 97 57 18 91 29 17 87 33 61 93 26 60 23 74 25 62 22 32 24 75 16 21 20 15 77 76 64 14 78 65 12 13 19 11 9 66 68 10 80 8 67 63 79 69 81 6 7 86 70 72 84 82 71 83 5
73 57
96 97
58 57
58 59
58 4
58 18
58 27
58 17
58 26
58 23
58 25
58 22
58 24
58 16
58 21
58 20
58 15
58 14
58 12
58 13
58 19
58 11
58 9
58 10
58 8
58 6
58 7
58 5
85 57
2 1
2 3
89 90
89 99
89 88
55 56
99 98
56 57
56 33
28 27
28 29
4 3
98 97
90 91
88 57
92 91
92 93
57 87
57 61
57 60
57 74
57 62
57 75
57 77
57 76
57 64
57 78
57 65
57 66
57 68
57 80
57 67
57 63
57 79
57 69
57 81
57 86
57 70
57 72
57 84
57 82
57 71
57 83
33 32