0 1 53 36 2 43 8 72 63 83 5 49 9 29 25 85 82 11 79 12 39 64 70 26 92 14 15 21 67 59 37 38 94 46 48 22 75 24 91 73 76 27 28 54 34 55 90 44 93 89 71 47 66 52 99 62 97 98 80 81 84 40
0 1
1 2
1 72
53 52
53 54
36 37
36 34
36 55
2 63
43 93
8 72
72 71
72 44
63 64
83 9
83 62
83 5
83 84
49 76
49 90
9 82
29 28
25 24
85 27
85 84
82 81
11 12
11 26
79 80
12 92
39 38
39 40
64 97
70 92
70 34
70 71
92 91
92 80
92 93
14 59
14 15
21 22
21 75
67 22
59 99
38 73
94 93
46 47
48 47
48 66
75 76
24 73
91 90
73 71
73 89
27 28
54 55
71 66
66 99
99 98
80 81