0 22 27 1 7 28 29 30 2 31 32 33 3 16 24 34 35 36 21 5 40 41 42 46 47 48 50 10 17 55 56 57 11 60 13 65 66 67 15 71 72 19 73 76 77 78 83 84 23 86 89 90 91 92 93 94 95 98 99 39 70 97
0 27
22 91
22 93
22 92
27 83
1 30
1 28
1 29
7 48
7 47
7 46
28 60
29 42
29 47
2 33
2 32
2 31
31 36
32 72
33 66
3 34
3 35
3 36
16 73
24 98
24 99
24 97
35 83
21 90
21 89
5 42
5 40
5 41
40 93
40 39
41 71
46 65
47 76
50 77
10 55
10 57
10 56
17 76
17 77
17 78
56 95
57 86
11 60
13 65
67 91
15 71
15 72
15 70
19 83
19 84
73 86
84 89
23 94
23 95
93 99
94 99