6 66 62 69 42 37 34 46 7 4 72 67 12 44 70 53 43 48 22 20 60 29 51 90 94 78 95 33 3 54 87 1 97 24 79 73 83 65 92 80 30 84 88 14 23 39 10 55 19 40 85 35 58 8 31 76 82 74 16 25 9 56 26 21 86 5 77 71 47 89 98 59 38 57 61 52 41 36 18 45 32 64 49 63 27 68 28 50
6 5
6 7
66 67
66 65
66 69
62 60
62 65
69 70
42 40
42 43
37 35
37 39
37 38
34 35
34 33
34 36
46 47
46 44
7 9
4 3
4 5
72 71
72 73
67 68
12 10
12 14
44 43
44 45
70 71
53 54
53 51
48 47
48 51
48 49
22 21
22 23
20 21
20 19
60 59
60 61
29 30
29 26
51 52
90 89
90 92
94 95
94 92
78 79
78 77
95 97
33 31
3 1
54 55
87 86
87 88
97 98
24 23
24 25
79 80
73 74
83 84
83 82
65 64
80 82
30 31
84 85
88 89
14 16
39 40
10 8
55 56
55 57
19 16
40 41
85 86
58 56
58 59
8 9
31 32
76 77
76 74
16 18
25 26
26 27
38 50
61 63
27 28