32 53 70 97 3 16 8 31 69 2 58 37 75 52 34 98 67 61 88 45 95 56 1 41 29 7 86 94 57 30 82 4 76 85 72 44 26 71 40 74 89 43 23 54 62 13 0 5 91 87 96 93 80 79 90 84 66 99 83 81 92 78 77 18 27
32 13
53 67
70 71
70 69
70 13
97 0
97 27
3 4
3 76
16 41
16 37
8 62
8 66
31 40
31 57
31 18
69 29
69 56
2 58
2 75
37 30
75 0
52 1
34 13
34 67
98 0
61 4
61 44
88 0
45 54
45 4
95 0
56 23
1 62
1 41
1 74
29 62
7 72
7 23
86 0
94 0
57 0
57 26
82 0
76 0
85 0
72 5
40 43
74 0
89 0
0 91
0 87
0 96
0 93
0 80
0 79
0 90
0 84
0 99
0 83
0 81
0 92
0 78
0 77