76 11 44 0 5 72 7 4 31 12 58 25 21 28 14 60 69 3 84 10 13 16 32 29 18 19 42 8 70 15 6 9 30 23 79 24 17 80 39 26 20 40 22 73 56 78 27 1 86 33 67 51 2 71 87 55 83 74 57 34
76 21
76 74
11 18
11 15
11 24
11 56
11 55
44 5
44 42
0 18
0 33
0 34
5 16
5 31
72 70
72 19
7 4
7 28
4 42
31 19
12 58
12 10
12 3
12 57
58 60
25 84
25 18
25 83
21 18
14 8
60 13
69 18
69 71
3 18
3 39
3 40
3 2
10 29
13 8
16 32
18 70
18 9
18 30
18 23
18 17
18 26
18 20
18 22
18 27
18 1
15 6
9 51
23 79
23 80
17 67
26 86
20 73
22 78
27 87