30 17 68 84 37 0 81 54 24 82 9 89 18 91 55 99 58 5 15 32 39 42 41 78 35 47 22 27 87 60 31 20 19 94 2 76 44 25 71 92 93 16 40 96 75 66 95 72 90 70 97 67 86 74 88 23 64 77 73 62 85 63 79 98 80 43 65 69
30 27
30 37
17 31
17 20
68 0
84 0
84 31
37 5
37 41
0 24
0 2
0 25
0 92
0 82
0 81
0 89
0 94
0 91
0 93
0 87
0 78
0 99
0 76
0 71
0 96
0 75
0 66
0 95
0 72
0 90
0 70
0 97
0 67
0 86
0 74
0 88
0 64
0 77
0 73
0 62
0 85
0 63
0 79
0 98
0 80
0 65
0 69
54 24
54 23
24 41
24 32
24 35
9 58
9 25
89 39
18 22
18 44
55 16
5 42
15 41
39 47
42 22
47 60
19 40
19 76
2 43
16 40