2 3 5 6 7 9 10 12 13 15 17 18 19 21 23 24 25 27 28 30 31 33 34 36 37 39 40 42 44 45 47 48 50 51 52 54 55 57 59 60 61 63 64 66 67 69 70 72 74 75 77 78 79 81 83 84 85 87 88 90 92 93 95 96 98 38 49 53 41 35 43 71 46 65 32 29 58 56 62 68 26
2 3
3 5
5 6
6 7
7 9
9 10
10 12
12 13
13 15
15 17
17 18
18 19
19 21
21 23
23 24
24 25
24 26
25 27
27 28
28 30
30 31
30 29
31 33
33 34
33 32
34 36
36 37
36 35
37 39
39 40
39 38
40 42
42 44
42 41
44 45
45 47
45 43
45 46
47 48
48 50
48 49
50 51
51 52
52 54
54 55
54 53
55 57
57 59
57 58
57 56
59 60
60 61
60 62
61 63
63 64
63 65
64 66
66 67
66 68
67 69
69 70
69 71
70 72
72 74
74 75
75 77
77 78
78 79
79 81
81 83
83 84
84 85
85 87
87 88
88 90
90 92
92 93
93 95
95 96
96 98