33 53 84 15 17 83 52 87 22 24 56 12 86 7 55 81 66 45 54 85 44 98 14 88 32 34 82 11 80 16 76 58 10 57 18 35 48 38 39 67 46 8 43 13 51 65 64 50 42 68 59 36 47 41 69 25 77 75 23 31
33 32
33 34
53 52
53 54
84 83
84 85
15 14
15 16
17 16
17 18
17 7
83 82
52 51
87 86
87 88
22 12
22 32
24 14
24 34
24 25
24 23
56 55
56 57
56 66
12 11
86 85
86 76
7 8
55 54
55 45
81 80
81 82
66 76
66 67
66 65
45 44
45 46
54 64
44 34
44 43
98 88
14 13
32 31
34 35
11 10
76 77
76 75
58 57
58 48
58 59
35 36
48 38
38 39
67 68
46 47
43 42
51 50
42 41
68 69