6 52 61 22 50 28 20 76 3 19 64 88 70 7 56 62 13 27 48 55 8 47 10 43 12 78 67 11 98 35 1 4 26 93 80 33 41 18 37 66 17 72 30 2 84 60 51 59 87 45 14 53 9 36 49 21 15 5 31 96 46 63 75 34 99 42 95
6 8
6 5
52 72
52 41
52 36
61 47
61 60
61 62
22 45
22 55
22 53
50 12
28 17
28 30
20 9
20 21
76 2
76 3
3 9
3 7
3 10
19 55
19 15
19 13
64 84
64 33
64 34
88 55
88 1
70 87
70 66
7 49
56 66
62 98
13 75
27 80
27 18
48 4
55 60
55 46
55 63
8 49
8 12
47 42
10 51
10 14
43 21
78 59
67 96
11 51
11 4
98 87
35 36
35 37
1 4
26 18
26 31
93 18
33 53
18 45
18 17
72 84
59 36
87 99
9 95
15 96