1 2 3 5 6 10 13 14 11 17 16 18 15 26 34 25 27 28 29 30 31 35 38 39 36 42 41 43 44 40 60 53 50 51 58 59 52 54 55 56 62 63 64 57 61 67 66 68 69 65 99 76 77 78 80 81 85 88 89 91 93 75 32 7 19 46 47
1 3
1 2
2 6
2 5
3 10
5 14
5 13
6 7
10 11
13 16
13 18
13 19
14 15
11 17
15 34
26 25
26 28
26 27
34 25
27 31
27 29
27 30
28 35
30 39
30 38
31 32
35 36
38 44
38 41
38 43
39 40
36 42
41 46
41 47
40 60
60 53
60 61
53 51
50 51
50 58
50 59
51 52
52 56
52 54
52 55
55 64
55 63
56 57
62 61
63 69
63 66
63 68
64 65
61 67
65 76
65 99
76 78
76 77
76 75
77 81
77 80
78 85
80 89
80 88
88 91
88 93