0 1 74 65 84 12 16 11 39 17 72 43 19 30 20 88 99 21 4 75 97 81 36 90 86 40 59 3 58 62 80 35 5 76 26 10 15 78 68 18 61 60 55 6 82 24 70 52 98 89 63 83 79 66 48 54 13 9 38 53 7
0 26
1 30
74 16
65 40
65 26
84 19
84 80
84 78
84 99
84 53
12 62
12 61
12 63
16 75
11 59
11 58
11 60
39 4
39 68
17 76
17 78
72 15
72 75
43 6
43 81
19 82
30 58
20 86
88 21
99 90
99 60
99 24
99 98
99 83
21 90
21 89
75 58
97 62
81 18
36 3
36 61
90 62
86 35
86 55
40 5
59 68
59 52
59 66
3 35
62 79
62 48
62 54
80 18
76 26
10 55
15 70
98 38
66 13
48 7
54 9