2 1 4 5 8 9 12 11 18 19 20 22 23 21 24 26 29 32 34 31 33 35 37 39 42 43 44 40 41 45 49 46 47 48 50 56 59 55 58 57 62 63 64 66 69 70 74 77 79 75 81 83 84 80 82 87 88 85 89 86 91 94 90 99 98
2 1
2 4
4 48
5 55
5 9
5 8
9 89
12 11
11 63
18 19
19 48
20 87
20 22
20 23
22 21
21 82
21 24
26 29
26 75
32 34
32 33
34 31
31 98
33 49
33 81
35 39
35 37
37 43
39 50
42 75
42 62
43 44
44 40
40 41
41 84
45 49
45 48
45 46
47 48
47 70
56 59
56 57
56 90
59 58
55 58
57 64
62 74
63 64
66 69
66 91
70 74
77 79
77 86
81 80
83 80
83 82
83 84
87 88
88 85
85 86
85 89
91 94
91 90
99 98