13 86 12 69 16 24 55 58 53 87 66 21 75 6 65 22 11 51 80 54 56 3 44 45 89 35 9 83 47 2 92 32 7 31 1 33 0 46 62 97 43 98 99 28 60 48 26 30 10 74 57 20 61 64 37 78 82 36 63 17 59 91
13 66
13 65
86 20
86 46
12 62
12 61
69 65
69 43
16 75
16 74
24 98
24 97
24 99
55 10
55 48
55 89
58 11
58 98
53 9
53 57
87 20
21 89
75 31
75 92
6 44
6 43
6 45
22 92
22 91
11 60
11 59
51 92
80 83
54 9
56 97
56 10
3 35
44 35
35 99
83 32
47 7
47 26
2 32
2 31
2 33
7 46
7 48
31 98
31 64
1 28
1 30
0 26
62 97
97 78
97 36
98 37
98 63
99 82
30 74
10 57
78 17