27 67 33 28 53 11 29 30 19 69 86 62 75 20 37 85 49 52 56 15 84 70 34 36 94 63 22 3 72 32 41 74 60 55 89 64 42 40 66 17 23 26 73 10 38 21 81 51 59 87 82 0 5 24 6 68 1 61 76 92 39 46 9 43 57 12 4 35 16 31 47 18 2 95 65 25 50 58 80 48 83 91 90 54 88 79 44
27 26
27 28
67 66
67 68
33 34
33 32
28 29
53 46
53 47
53 49
53 50
53 51
53 52
53 55
53 56
53 57
53 59
11 12
11 10
29 30
30 31
19 18
19 20
69 70
69 64
86 59
62 61
62 63
75 74
75 25
20 21
37 36
37 85
37 38
85 89
56 89
56 58
56 48
56 54
15 16
84 38
84 87
84 88
70 81
34 35
36 35
94 92
94 95
63 64
22 21
22 23
3 2
3 4
72 76
72 73
32 31
41 40
41 42
74 73
60 35
60 61
64 65
42 43
40 39
40 90
66 65
17 16
17 18
23 24
26 25
10 9
38 39
81 82
59 0
82 92
0 1
5 4
5 6
24 25
68 12
1 2
61 80
39 83
43 44
80 79
83 91