98 34 56 24 94 60 86 22 7 44 46 72 81 48 6 5 62 53 73 14 31 82 21 40 90 0 47 3 78 35 83 29 25 74 85 79 64 80 88 65 54 87 96 77 69 93 84 70 95 89 66 99 91 71 63 97 76 92 23 75 68 67 38
98 0
98 46
34 14
56 48
56 60
24 81
94 0
86 0
22 53
22 0
22 79
7 31
7 5
44 53
44 35
44 3
44 31
72 0
81 0
48 3
6 29
6 25
5 25
62 0
53 23
73 0
14 0
14 54
14 38
82 0
21 40
21 78
90 0
0 74
0 83
0 78
0 85
0 64
0 80
0 88
0 65
0 87
0 96
0 77
0 69
0 93
0 84
0 70
0 95
0 89
0 66
0 99
0 91
0 71
0 63
0 97
0 76
0 92
0 75
0 68
0 67
47 35