0 54 1 87 2 68 55 4 40 82 7 49 85 9 23 10 11 58 69 13 78 14 15 16 36 17 64 60 19 81 20 21 27 22 29 90 79 26 74 83 42 31 39 34 37 95 45 43 44 67 46 71 47 48 70 50 51 52 57 77 75 65 96 73 80 92 86 89 53 61
0 70
0 58
0 54
54 23
1 87
1 40
87 46
2 64
2 68
68 70
55 31
55 50
55 48
4 40
40 47
82 96
82 22
7 49
49 67
49 70
85 77
9 23
9 14
9 79
23 65
23 29
10 11
11 74
11 58
58 34
58 92
58 20
69 21
13 78
13 57
78 75
78 22
14 51
14 15
16 36
16 53
16 61
36 20
36 37
36 90
17 71
17 64
64 22
64 77
60 75
19 81
81 48
20 52
21 27
27 83
29 42
26 43
26 74
74 73
83 52
42 45
31 39
39 37
95 57
44 67
46 71
46 86
77 89
80 92