0 11 25 26 27 1 12 29 2 32 33 24 4 6 38 5 20 40 41 42 43 44 7 10 47 48 14 19 53 16 56 58 59 60 17 61 62 63 13 64 65 66 69 15 70 72 75 76 77 78 18 80 81 82 83 86 92 95 97 98 99 84 49 74 90
0 27
0 26
0 25
11 59
11 58
11 60
25 78
26 83
27 65
27 98
1 29
12 62
12 61
29 60
2 33
2 32
32 47
24 98
24 97
4 38
6 44
6 43
38 97
5 41
5 42
5 40
20 86
40 82
40 75
41 63
43 66
44 56
7 48
7 47
10 56
47 53
47 99
48 61
14 69
19 82
19 83
19 84
16 75
16 74
56 80
58 72
59 78
17 77
17 78
17 76
61 63
62 95
13 65
13 64
13 66
69 70
15 72
15 70
75 86
75 90
18 81
18 80
82 49
92 99