56 1 42 84 97 7 94 75 38 83 68 60 11 46 57 9 79 20 90 70 63 58 95 69 21 92 26 30 52 12 15 85 61 33 4 50 16 44 87 93 51 62 17 88 6 47 98 31 53 28 3 23 36 76 29 91 72 19 54 40 77 2 8 89 64 96 66 74 32 59 24 34 73 55 5 35 81 65 37 41 14 22 78 45 25 27 10 49 80 86 82 43 71 67 13 18 48 39
56 55
56 57
1 2
42 41
42 43
84 83
84 85
97 96
97 98
7 6
7 8
94 93
94 95
75 74
75 76
38 37
38 39
83 82
68 67
68 69
60 59
60 61
11 10
11 12
46 45
46 47
57 58
9 8
9 10
79 78
79 80
20 19
20 21
90 89
90 91
70 69
70 71
63 62
63 64
58 59
95 96
21 22
92 91
92 93
26 25
26 27
30 29
30 31
52 51
52 53
12 13
15 14
15 16
85 86
61 62
33 32
33 34
4 3
4 5
50 49
50 51
16 17
44 43
44 45
87 86
87 88
17 18
88 89
6 5
47 48
31 32
53 54
28 27
28 29
3 2
23 22
23 24
36 35
36 37
76 77
72 71
72 73
19 18
54 55
40 39
40 41
77 78
64 65
66 65
66 67
74 73
24 25
34 35
81 80
81 82
14 13
49 48