17 66 94 61 19 59 60 77 28 99 85 47 20 57 10 68 71 83 0 72 67 75 98 97 12 1 24 88 16 43 35 84 82 22 4 7 90 87 56 58 34 40 27 69 23 15 70 86 95 39 3 14 30 92 50 21 54 9 55 74 89 93 36 53
17 77
66 71
94 23
94 30
61 12
61 59
19 84
19 82
19 83
59 75
60 56
60 47
77 69
28 1
99 67
99 24
85 20
47 7
20 86
20 87
57 10
57 83
10 56
10 55
68 14
68 35
68 87
68 89
71 15
83 87
83 58
83 95
0 27
72 15
72 39
67 14
67 90
75 16
75 87
98 24
97 24
1 30
88 21
88 50
16 74
43 34
43 92
35 3
35 40
84 54
22 92
4 39
90 21
87 70
34 3
34 27
69 14
23 95
15 70
70 93
3 36
54 9
9 53