11 19 14 83 63 46 27 44 31 16 43 24 4 8 13 49 9 77 6 82 50 75 78 51 59 79 48 72 15 73 95 5 47 42 18 60 40 67 29 64 35 36 30 23 81 58 26 74 66 93 38 69 80 21 39 17 25 61 55 7 37 84 3 28 20 22 41 2 10 34 32 45 62
11 36
19 18
19 32
14 15
14 40
83 74
83 82
63 64
63 59
46 47
46 35
27 17
27 26
27 31
27 34
44 29
31 30
16 17
16 15
43 29
43 42
24 25
24 23
4 21
4 5
4 3
4 20
8 9
8 5
13 25
13 10
49 50
49 48
77 80
77 81
6 5
82 81
50 51
75 69
75 84
78 79
78 72
51 93
59 61
79 80
79 95
48 39
72 67
72 73
73 84
5 60
5 7
47 39
42 41
42 45
18 26
18 23
60 61
60 62
40 36
67 66
29 26
64 69
35 38
35 37
36 37
23 21
23 22
58 7
58 55
26 28
3 2