70 65 50 54 99 73 21 95 19 32 60 28 11 47 80 82 13 67 23 43 96 6 79 39 71 58 35 7 61 64 44 4 72 49 85 84 48 15 12 9 18 83 88 8 89 62 24 57 97 3 45 77 16 74 25 75 34 10 81 31 87 17 98 56 55 36 90 76 93 78 46 52
70 15
65 13
65 43
50 8
50 80
54 9
54 73
99 83
99 47
99 24
73 82
73 57
73 77
73 16
21 88
21 89
95 85
95 71
95 23
19 82
19 84
19 83
32 60
60 11
28 48
28 39
11 58
47 7
80 18
82 44
82 61
13 64
67 49
23 96
43 6
6 44
6 45
79 64
79 18
39 4
71 15
58 85
35 83
35 3
7 48
7 46
61 12
44 81
72 15
72 84
49 8
84 90
12 62
9 52
83 88
89 25
24 97
24 98
57 10
3 34
3 36
45 56
77 31
77 17
16 74
16 75
74 87
10 55
17 76
17 78
55 93