77 10 6 41 86 44 45 85 32 93 7 52 91 48 84 38 3 20 90 79 87 57 76 37 16 73 92 54 60 88 5 31 14 46 71 83 89 62 49 59 51 11 97 13 53 2 61 39 30 29 63 78 74 80 98 25 82 1 72 67 33 36 96 26 75 70 40 19 34 58 94 69 68 8 56 64 35 81 43 65 27 4 12 24 17 21 42 66 22 55 50 47 95 23 28 18 9 15
77 76
77 78
10 9
10 11
6 5
6 7
41 40
41 42
86 85
86 87
44 43
44 45
45 46
85 84
32 31
32 33
93 92
93 94
7 8
52 51
52 53
91 90
91 92
48 47
48 49
84 83
38 37
38 39
3 2
3 4
20 19
20 21
90 89
79 78
79 80
87 88
57 56
57 58
76 75
37 36
16 15
16 17
73 72
73 74
54 53
54 55
60 59
60 61
88 89
5 4
31 30
14 13
14 15
46 47
71 70
71 72
83 82
62 61
62 63
49 50
59 58
51 50
11 12
97 96
97 98
13 12
2 1
39 40
30 29
29 28
63 64
74 75
80 81
25 24
25 26
82 81
67 66
67 68
33 34
36 35
96 95
26 27
70 69
19 18
34 35
94 95
69 68
8 9
56 55
64 65
43 42
65 66
27 28
24 23
17 18
21 22
22 23