50 9 73 47 75 38 21 49 64 35 46 44 31 39 41 52 34 42 97 0 32 67 19 63 74 86 23 83 98 15 84 78 92 59 71 89 25 28 88 22 8 24 37 16 72 81 26 7 58 76 70 80 91 82 94 77 85 99 96 79 93 69 68 95 87 90 10
50 67
9 39
9 75
73 0
47 49
47 98
75 0
38 64
38 58
21 59
49 44
64 26
35 52
35 16
46 42
44 19
31 26
31 89
41 63
41 34
52 37
52 8
34 8
42 37
97 0
0 16
0 98
0 84
0 89
0 72
0 81
0 71
0 74
0 78
0 83
0 88
0 92
0 86
0 76
0 70
0 80
0 91
0 82
0 94
0 77
0 85
0 99
0 96
0 79
0 93
0 69
0 68
0 95
0 87
0 90
32 23
67 28
19 7
63 24
23 22
15 16
59 58
25 8
28 7
22 37
76 10