50 13 44 69 86 48 93 41 54 43 37 74 96 60 75 27 24 28 31 42 38 0 11 58 10 87 17 46 97 90 82 68 23 61 85 2 20 14 55 64 78 66 35 40 65 39 26 49 3 52 79 4 80 36 84 9 76 83 81
50 54
13 80
44 0
44 43
44 79
44 4
69 54
69 49
69 23
69 97
86 74
86 38
48 43
93 65
41 27
54 64
54 90
37 75
74 0
74 61
96 27
96 17
96 60
75 68
75 3
27 90
24 31
24 55
28 68
31 85
42 23
0 78
11 90
11 83
58 85
10 26
10 14
87 39
87 61
17 80
46 4
97 81
90 35
90 52
90 14
90 40
90 20
82 68
82 65
23 76
61 65
85 66
2 65
55 52
55 36
64 78
35 9
79 84