65 4 17 52 68 78 56 9 29 15 76 90 58 32 37 47 61 57 5 49 66 6 73 89 71 97 91 46 30 2 92 48 95 79 81 82 34 10 86 21 98 80 62 7 50 20 19 1 70 69 54 42 14 35 83 63 38 8 55 72 33 22 43 45 23 53 40 11 41 77 13 12 25 59 88 16 18 67 93 85 44 24 87 31 64 3 39 94 36 75 96 51 84 26 60 27 74 28
65 64
65 66
4 3
4 5
17 16
17 18
52 51
52 53
68 67
68 69
78 77
78 79
56 55
56 57
9 8
9 10
29 28
29 30
15 14
15 16
76 75
76 77
90 89
90 91
58 57
58 59
32 31
32 33
37 36
37 38
47 46
47 48
61 60
61 62
5 6
49 48
49 50
66 67
6 7
73 72
73 74
89 88
71 70
71 72
97 96
97 98
91 92
46 45
30 31
2 1
2 3
92 93
95 94
95 96
79 80
81 80
81 82
82 83
34 33
34 35
10 11
86 85
86 87
21 20
21 22
62 63
7 8
50 51
20 19
19 18
70 69
54 53
54 55
42 41
42 43
14 13
35 36
83 84
63 64
38 39
22 23
43 44
45 44
23 24
40 39
40 41
11 12
13 12
25 24
25 26
59 60
88 87
93 94
85 84
75 74
26 27
27 28