13 51 71 55 30 22 57 12 43 21 6 63 27 8 64 15 50 40 10 88 0 26 78 9 82 25 44 92 56 65 52 1 7 24 17 28 45 72 97 41 89 39 48 77 53 5 66 4 32 76 33 90 69 85 54 87 79 36 14 3 35 20 70 2
13 64
13 65
13 66
51 8
51 53
71 44
71 15
71 55
55 10
55 30
55 82
30 1
22 92
57 10
12 63
43 6
21 88
21 89
21 90
6 44
6 45
63 72
27 0
8 50
64 88
15 72
40 5
40 89
10 56
88 92
0 26
0 25
26 97
78 17
78 85
78 36
9 52
9 53
9 54
25 39
25 77
56 48
65 45
65 70
52 77
52 33
1 28
7 48
24 97
17 77
17 76
45 77
45 32
41 5
39 4
77 69
77 79
32 2
76 87
69 14
85 20
36 3
3 35