24 12 88 82 49 19 11 84 43 20 46 16 6 55 90 71 75 66 44 23 17 41 45 37 1 5 52 54 62 13 86 42 2 81 35 92 10 0 8 67 61 64 89 60 65 91 79 87 63 83 72 76 56 73 58 85 70 9 80 74 57 3 69 59 77 68 78 99
24 2
24 20
12 17
12 54
88 0
82 45
82 0
49 37
49 86
19 46
11 20
84 0
43 23
43 42
20 0
20 3
46 6
16 13
16 66
6 55
55 44
90 0
71 0
75 0
66 0
44 52
44 81
17 10
41 5
45 5
1 92
54 42
62 0
13 8
86 0
2 92
81 0
35 8
10 0
10 99
0 67
0 61
0 64
0 89
0 60
0 65
0 91
0 79
0 87
0 63
0 83
0 72
0 76
0 56
0 73
0 58
0 85
0 70
0 80
0 74
0 57
0 69
0 59
0 77
0 68
0 78
61 9