79 63 39 42 64 47 23 76 27 37 94 59 98 35 84 20 32 55 52 92 14 46 15 73 88 4 70 6 7 12 87 89 71 67 61 43 90 77 83 49 24 8 19 22 17 44 33 26 81 51 91 54 41 58 93 72 3 78 85 28 11 80 30 9 75 68 86 40 50 66 74 65 57 56 29 34 5 10 48 45 1 96 95 25 97 16 82 21 2 18 31 36 60 13 38 62 53 69
79 78
79 80
63 62
63 64
39 40
39 38
42 43
42 41
64 65
47 46
47 48
23 22
23 24
76 75
76 77
27 28
27 26
37 36
37 38
94 93
94 95
59 60
59 58
98 97
35 36
35 34
84 85
84 83
20 19
20 21
32 31
32 33
55 56
55 54
52 51
52 53
92 91
92 93
14 15
14 13
46 45
15 16
73 74
73 72
88 89
88 87
4 3
4 5
70 71
70 69
6 5
6 7
7 8
12 11
12 13
87 86
89 90
71 72
67 68
67 66
61 60
61 62
43 44
90 91
77 78
83 82
49 48
49 50
24 25
8 9
19 18
22 21
17 16
17 18
44 45
33 34
26 25
81 82
81 80
51 50
54 53
41 40
58 57
3 2
85 86
28 29
11 10
30 29
30 31
9 10
75 74
68 69
66 65
57 56
1 2
96 97
96 95