0 1 3 4 5 6 7 8 10 11 13 15 16 17 18 19 20 22 23 24 25 26 27 29 31 32 34 35 36 41 43 44 46 47 48 49 50 59 60 65 67 73 74 78 80 85 87 83 91 92 52 40 63 64 39 89 95 51 96 84 98 97 38 58
0 34
0 10
1 35
1 29
1 36
3 13
3 8
3 24
3 32
3 40
3 39
4 20
4 41
4 26
5 43
5 44
5 8
5 31
6 46
6 23
7 48
7 47
7 29
8 50
8 29
8 49
11 23
13 60
13 59
15 32
15 63
15 64
16 65
17 67
17 22
18 20
19 31
20 74
20 73
22 78
23 80
25 29
25 83
25 84
26 85
27 87
29 91
29 92
31 95
31 96
32 98
32 97
34 36
41 43
46 48
49 51
50 52
60 58
65 67
78 80
85 87
91 89
40 38