35 1 37 2 39 3 41 4 43 5 45 6 47 7 49 8 51 9 53 10 55 11 57 12 59 13 61 14 63 15 65 16 66 67 17 68 69 18 71 19 73 20 75 21 77 22 79 23 81 24 83 25 85 26 87 27 89 28 91 29 93 30 95 31 97 32 99
35 1
1 37
37 2
2 39
39 3
3 41
41 4
4 43
43 5
5 45
45 6
6 47
47 7
7 49
49 8
8 51
51 9
9 53
53 10
10 55
55 11
11 57
57 12
12 59
59 13
13 61
61 14
14 63
63 15
15 65
65 16
16 67
16 66
67 17
17 69
17 68
69 18
18 71
71 19
19 73
73 20
20 75
75 21
21 77
77 22
22 79
79 23
23 81
81 24
24 83
83 25
25 85
85 26
26 87
87 27
27 89
89 28
28 91
91 29
29 93
93 30
30 95
95 31
31 97
97 32
32 99