0 1 2 4 5 6 7 8 9 10 25 12 11 13 14 15 16 18 19 20 21 22 23 24 26 27 28 29 31 32 33 34 35 49 36 37 38 39 40 42 41 43 44 45 46 47 48 70 50 55 57 60 75 62 63 64 65 66 68 69 71 72 73 74 79 82 83 84 85 88 92 96 97 98 17 3
0 1
0 2
0 4
1 98
2 18
2 68
5 6
5 7
5 8
7 15
7 39
8 11
9 10
10 25
10 12
25 26
25 20
25 27
25 28
12 13
12 11
13 14
14 23
14 24
15 16
16 18
18 17
19 20
19 44
20 21
20 3
22 23
24 38
27 70
29 31
29 32
32 35
33 35
33 34
34 49
34 36
34 42
37 38
38 47
39 40
40 42
42 41
42 43
44 45
46 47
46 48
70 71
70 69
50 55
55 57
57 65
60 75
60 62
62 63
63 64
64 73
64 74
65 66
66 68
71 79
72 73
74 88
79 82
82 85
83 85
83 84
84 92
88 97
96 97
96 98