59 2 39 12 50 56 5 25 49 26 52 73 77 10 87 11 13 84 81 51 74 1 88 18 6 58 46 60 86 57 85 3 96 37 7 61 38 83 20 78 68 53 19 67 4 66 14 97 15 93 82 92 17 32 36 29 62 16 33 94 95 55 69 31
59 58
59 60
59 37
2 3
2 1
39 38
12 11
12 13
50 49
50 56
50 51
56 57
56 55
5 38
5 4
5 6
25 74
25 26
49 81
26 10
52 53
52 51
73 74
77 78
10 11
87 86
87 88
11 6
13 96
13 14
84 83
84 85
88 78
18 61
18 19
18 17
6 7
58 57
58 67
46 20
60 61
60 93
86 85
57 15
3 4
96 97
37 38
37 36
61 62
83 19
83 82
20 19
68 67
68 69
67 66
15 16
93 92
93 94
82 29
92 32
32 33
32 31
94 95