53 91 32 62 51 65 33 85 13 9 78 93 26 17 64 89 73 96 27 69 52 97 12 59 76 88 42 24 30 94 22 99 44 6 68 75 39 31 61 92 43 77 21 63 2 66 82 95 4 16 5 23 40 74 1 70 45 98 55
53 9
53 93
91 22
91 31
32 2
32 61
32 42
62 97
62 39
62 94
62 12
62 73
62 44
51 77
65 13
65 73
33 2
33 69
85 64
13 64
13 66
9 52
78 44
78 17
93 22
26 61
17 76
17 77
89 21
89 69
73 59
73 16
96 68
27 76
97 24
12 63
12 61
88 21
42 5
24 99
24 98
30 61
30 1
94 23
22 92
44 6
6 43
6 45
68 43
75 61
39 4
31 2
31 82
61 40
63 95
95 70
95 55
16 74