52 97 35 41 33 25 32 51 21 63 69 93 42 55 76 15 14 47 74 50 23 30 85 83 67 68 12 64 39 27 37 34 72 18 78 11 91 54 38 28 16 7 79 29 53 84 6 43 62 71 58 19 90 70 36 48 49 20 2 56 65 22 44 92 86 77 26 59 98 46 8 75 40 57 45 66 60 61 31 73
52 49
97 93
97 98
35 38
35 36
35 34
41 37
41 42
33 30
33 32
25 22
25 26
32 29
51 54
51 55
21 22
21 20
63 64
63 62
63 66
69 65
69 70
93 92
42 43
42 45
55 56
76 72
76 77
15 18
15 14
14 12
47 44
47 46
74 71
74 75
50 53
50 49
23 26
23 27
30 34
85 84
85 86
83 79
83 84
67 64
67 68
68 65
12 11
39 36
39 40
27 28
37 40
72 75
18 19
78 77
78 79
11 8
91 92
91 90
54 53
28 29
28 31
16 19
16 20
7 8
7 6
6 2
43 46
62 58
71 70
58 59
58 61
90 86
70 73
48 44
48 49
56 59
56 57
57 60