20 2 67 23 15 94 52 36 6 96 99 12 89 7 44 30 65 87 62 98 42 48 33 57 72 51 71 35 90 69 8 92 85 73 43 31 91 79 28 21 34 95 54 74 25 59 77 4 0 38 70 64 26 93 88 78 75 97 32 80 82 83 68 39 76 18 60 58 84 81
20 8
2 30
2 67
67 33
23 12
23 26
23 85
15 59
94 0
52 57
36 0
36 42
36 6
36 31
36 51
36 93
36 18
96 0
99 0
12 28
89 0
7 38
44 30
65 38
87 0
62 57
62 48
98 0
48 4
48 8
33 35
57 59
72 0
51 60
71 0
35 21
35 92
90 0
69 0
8 73
92 0
85 0
73 0
43 21
91 0
79 0
28 54
34 0
95 0
95 39
74 0
25 38
77 0
0 38
0 70
0 88
0 78
0 75
0 97
0 32
0 80
0 82
0 83
0 68
0 76
0 84
0 81
38 64
64 58