67 34 1 58 96 53 55 10 90 97 22 29 78 60 63 70 11 87 50 93 76 79 32 39 98 95 77 66 2 30 92 40 57 65 8 24 52 83 12 84 26 74 3 0 36 19 48 31 64 94 89 69 43 85 20 7 6 41 91 82 59 15 54 80 25 68 44 21 14 13 61 75 4 62 46 9 51 17 37 81 73 18 56 88 71 42 33 86 28 38 5 99 49 23 35 16 45 27
67 86
67 56
34 1
34 62
1 59
58 76
58 50
96 21
96 37
53 9
53 12
55 86
55 27
10 42
10 27
90 49
90 69
97 91
97 70
22 87
22 25
29 17
29 3
78 15
60 69
60 52
63 57
63 36
70 43
11 66
11 85
87 31
50 23
93 61
93 66
76 26
79 16
79 59
32 8
32 92
39 48
39 24
98 19
98 80
95 41
95 25
77 17
77 94
2 62
2 35
30 33
30 42
92 52
40 45
40 14
57 38
65 88
65 84
8 68
24 35
83 19
83 51
12 36
84 94
26 31
74 54
74 15
3 13
0 33
0 75
48 46
64 73
64 4
89 82
89 38
43 99
85 46
20 28
20 45
7 80
7 68
6 18
6 71
41 71
91 49
82 56
54 18
44 13
44 16
21 81
14 61
75 28
9 5
51 88
37 99
81 73
5 23