0 1 10 2 5 6 14 19 11 20 12 13 17 18 29 21 30 22 23 31 24 25 39 40 32 35 36 37 49 38 41 50 42 43 44 45 46 51 47 48 59 60 52 53 65 58 69 61 70 62 63 64 66 77 79 71 80 72 73 76 89 81 90 82 83 84 88 91 92 93 94 95 96 97 85 9 28 57
0 10
0 1
1 2
10 11
10 20
5 14
5 6
14 13
19 18
19 29
19 9
11 12
20 30
20 21
12 13
17 18
29 39
29 28
21 22
30 40
22 31
22 23
23 24
31 32
24 25
39 49
39 38
40 41
40 50
35 36
36 37
37 38
49 48
49 59
41 42
50 60
42 43
43 44
44 45
45 51
45 46
46 47
51 52
47 48
59 69
59 58
60 70
60 61
52 53
65 64
65 66
58 57
69 79
61 62
70 80
70 71
62 63
63 64
66 77
77 76
79 89
71 72
80 81
80 90
72 73
89 88
81 82
90 91
82 83
83 84
84 85
91 92
92 93
93 94
94 95
95 96
96 97