12 80 42 52 9 24 89 61 70 58 60 56 21 10 1 32 17 8 40 5 39 48 27 11 46 4 76 47 19 84 25 75 7 97 16 49 98 88 62 0 26 69 35 59 33 63 64 15 53 92 22 68 2 44 14 90 31 91 72 74
12 61
12 62
80 52
42 5
42 49
52 9
52 70
24 98
24 97
89 21
89 61
70 48
70 15
58 11
58 27
60 11
60 32
56 10
56 75
56 76
21 88
21 90
1 7
17 76
8 49
40 47
40 5
39 4
39 98
39 27
48 7
48 26
48 59
48 63
48 92
48 44
27 0
46 7
46 88
46 69
46 53
47 7
47 33
47 68
19 84
84 25
25 0
25 75
25 35
75 16
16 74
0 26
69 14
33 64
33 2
15 72
92 22
22 91
2 31