20 6 25 36 76 39 56 26 32 92 41 2 96 84 13 54 71 67 0 11 95 64 47 66 3 59 93 55 75 42 65 78 16 31 53 60 46 27 52 34 30 69 87 98 24 21 48 18 17 40 89 94 85 14 43 45 58 28 74 22 8 10 5 12 72 29 99 73 35 62 91 97 15 37 57 80 44 83 68 38 49 7 79 70 61 33 82 19 90 23 86 77 1 9 81 4 63 88
20 21
20 19
6 7
6 5
25 24
25 26
36 37
36 35
76 77
76 75
39 38
39 40
56 57
56 55
26 27
32 33
32 31
92 93
92 91
41 40
41 42
2 3
2 1
96 97
96 95
84 85
84 83
13 12
13 14
54 55
54 53
71 70
71 72
67 66
67 68
0 1
0 99
11 10
11 12
95 94
64 65
64 63
47 46
47 48
66 65
3 4
59 58
59 60
93 94
75 74
42 43
78 79
78 77
16 17
16 15
31 30
53 52
60 61
46 45
27 28
34 35
34 33
30 29
69 68
69 70
87 86
87 88
98 99
98 97
24 23
21 22
48 49
18 19
18 17
89 88
89 90
85 86
14 15
43 44
45 44
58 57
28 29
74 73
22 23
8 9
8 7
10 9
5 4
72 73
62 63
62 61
91 90
37 38
80 81
80 79
83 82
82 81