38 69 1 90 36 61 39 11 33 96 14 45 31 2 28 18 62 37 26 50 3 4 87 19 76 29 60 49 63 25 15 47 10 86 54 32 9 30 82 93 13 56 16 12 22 23 72 85 27 67 17 20 80 81 46 35 34 48 73 42 8 24 7 21 59 6 5 53
38 37
38 39
69 72
1 2
1 72
90 4
36 35
36 37
61 60
61 62
11 10
11 12
33 32
33 34
96 23
14 13
14 15
45 56
45 46
31 60
31 48
31 30
31 32
2 3
28 23
28 27
28 29
28 10
18 17
18 19
62 63
26 25
26 27
50 49
3 4
4 20
87 86
19 20
76 67
76 29
76 42
29 30
60 59
49 48
15 16
47 46
47 48
10 9
86 85
54 32
54 53
9 85
9 8
82 81
93 56
13 12
16 17
22 23
22 21
23 24
72 73
80 34
80 81
35 34
8 7
7 6
6 5