6 46 80 1 82 90 54 76 85 52 58 45 93 2 56 27 43 51 71 31 7 94 48 32 20 15 62 30 60 28 98 14 84 86 50 68 88 40 25 33 21 0 69 41 4 23 5 59 67 44 92 57 83 10 89 8 3 53 49 66 42 35 72 64 26 24 16 81 74 70
6 7
6 5
46 45
46 35
46 56
80 90
80 81
80 71
1 0
1 2
82 81
82 83
54 64
76 66
76 86
85 94
52 41
52 43
58 69
58 48
45 44
93 94
93 83
2 3
56 67
27 16
27 8
27 28
51 41
71 72
71 60
71 62
71 70
31 41
48 57
32 33
32 42
32 41
20 10
20 21
15 14
15 25
15 26
15 16
30 41
60 50
98 67
98 88
14 5
14 23
14 4
84 72
84 74
50 41
68 67
88 89
40 41
25 35
25 24
33 24
0 10
69 59
4 3
59 49
67 57
67 66
44 53
92 83
64 74