0 2 28 10 38 83 75 15 58 52 20 9 50 84 13 70 63 64 35 31 8 24 11 82 85 57 30 74 73 3 77 1 19 18 22 72 29 79 33 87 68 36 69 14 32 34 78 23 21 76 5 61 4 54 49 71 86 16 12 39 60 6 7 42 48 47 44 46 45 25 59 41 27 56 40 43 17 26
0 3
0 1
2 10
2 13
28 30
28 8
10 3
38 31
38 39
38 41
38 40
83 82
83 84
75 82
75 76
15 14
58 57
58 59
52 54
20 11
20 22
9 6
9 19
50 49
50 35
50 72
50 42
84 85
13 14
13 16
70 71
70 73
70 60
63 64
63 61
64 54
35 30
35 34
35 36
35 39
8 6
8 14
8 7
24 23
24 25
11 3
11 18
11 21
57 49
30 29
30 33
74 72
74 76
73 77
3 4
77 78
1 12
19 44
19 45
22 23
72 71
79 78
87 76
87 86
68 86
68 69
32 34
23 27
23 26
5 6
61 60
49 48
12 17
48 47
47 46
47 56
46 43