57 83 29 22 33 9 31 14 5 37 84 67 39 63 86 95 60 69 52 15 26 64 71 88 54 43 36 44 96 2 34 72 28 70 35 50 41 80 92 55 48 19 65 78 11 93 18 23 74 59 3 77 66 47 90 21 4 81 38 73 53 20 61 62 27 32 17 68 51 56 12 98 58 8 42 75 91 40 45 97 30 6 87 46 24 89 49 25
57 56
57 58
57 59
83 84
83 81
29 30
29 28
22 21
22 23
33 32
33 35
9 11
9 8
31 32
14 12
14 15
5 6
5 4
37 38
84 86
67 68
67 66
39 41
39 38
63 64
63 62
86 87
95 93
95 96
60 61
60 59
69 70
69 71
69 68
52 53
52 51
15 17
26 27
26 24
64 65
71 72
88 89
88 87
54 53
54 56
43 44
36 38
36 35
44 42
44 45
96 97
2 3
34 35
72 73
28 27
50 51
50 48
41 42
41 40
80 78
80 81
92 91
92 93
55 56
48 47
48 49
19 18
19 20
65 66
78 77
11 12
18 17
23 24
74 73
74 75
3 4
77 75
47 46
90 89
90 91
21 20
61 62
32 30
98 97
8 6
45 46
24 25