28 64 51 16 47 11 58 36 61 66 39 49 7 71 94 67 62 89 8 86 19 75 91 42 17 44 93 77 76 37 13 18 3 68 23 88 80 1 5 59 4 57 79 41 34 26 73 31 95 82 96 81 70 48 54 63 85 97 45 14 35 20 78 83 24 40 56 50 69 32 27 38 90 87 30 6 12 10 74 33 98 2 84 65 43 60 53 52 21 25 55 46 15 29 72 92 9 22
28 29
28 27
64 65
64 63
51 50
51 52
16 15
16 17
47 48
47 46
11 10
11 12
58 57
58 59
36 37
36 35
61 60
61 62
66 67
66 65
39 40
39 38
49 50
49 48
7 8
7 6
71 72
71 70
94 95
94 93
67 68
62 63
89 88
89 90
8 9
86 87
86 85
19 18
19 20
75 74
75 76
91 90
91 92
42 43
42 41
17 18
44 45
44 43
93 92
77 78
77 76
37 38
13 14
13 12
3 4
3 2
68 69
23 24
23 22
88 87
80 81
80 79
1 2
5 4
5 6
59 60
57 56
79 78
41 40
34 35
34 33
26 25
26 27
73 74
73 72
31 30
31 32
95 96
82 83
82 81
96 97
70 69
54 55
54 53
85 84
97 98
45 46
14 15
20 21
83 84
24 25
56 55
32 33
30 29
10 9
53 52
21 22