2 3 5 6 8 9 11 12 14 15 17 18 20 21 23 24 26 27 29 30 32 33 35 36 38 39 41 42 44 45 47 48 50 51 53 54 56 57 59 60 62 63 65 66 68 69 71 72 74 75 77 78 80 81 83 84 86 87 89 90 92 93 95 96 98 58 43 70 64 67 52 55 46 61 73 37 49 31 34 40 76
2 3
3 5
5 6
6 8
8 9
9 11
11 12
12 14
14 15
15 17
17 18
18 20
20 21
21 23
23 24
24 26
26 27
27 29
29 30
30 32
32 33
32 31
33 35
35 36
35 34
36 38
38 39
38 37
39 41
39 40
41 42
42 44
44 45
44 43
45 47
47 48
47 46
48 50
50 51
50 49
51 53
53 54
53 52
54 56
56 57
56 55
57 59
57 58
59 60
60 62
60 61
62 63
63 65
63 64
65 66
66 68
68 69
68 67
69 71
71 72
71 70
72 74
74 75
74 73
75 77
75 76
77 78
78 80
80 81
81 83
83 84
84 86
86 87
87 89
89 90
90 92
92 93
93 95
95 96
96 98